[MASTER] 17:13:48.660 [pool-2-thread-1] ERROR TestCluster - Failed to check cache for java.util.List<E> : Type points to itself
[MASTER] 17:13:50.618 [pool-2-thread-1] ERROR TestCluster - Failed to check cache for java.util.function.Function<T, R> : Type points to itself
[MASTER] 17:13:51.045 [pool-2-thread-1] ERROR TestCluster - Failed to check cache for java.util.function.BiFunction<T, U, R> : Type points to itself
[MASTER] 17:13:52.755 [pool-2-thread-1] ERROR TestCluster - Failed to check cache for java.util.Comparator<T> : Type points to itself
[MASTER] 17:13:53.789 [pool-2-thread-1] ERROR TestCluster - Failed to check cache for java.lang.Iterable<T> : Type points to itself
[MASTER] 17:14:54.126 [pool-2-thread-1] ERROR JUnitAnalyzer - Compilation failed on compilation units: [RegularFileObject[/var/folders/jx/mmlj34wd62vbjkzchbls8tgw0000gn/T/EvoSuite_52_1773522894071/org/apache/commons/cli/help/AbstractHelpFormatter_52_tmp__ESTest.java], RegularFileObject[/var/folders/jx/mmlj34wd62vbjkzchbls8tgw0000gn/T/EvoSuite_52_1773522894071/org/apache/commons/cli/help/AbstractHelpFormatter_52_tmp__ESTest_scaffolding.java]]
[MASTER] 17:14:54.127 [pool-2-thread-1] ERROR JUnitAnalyzer - Classpath: /Users/kietvandang/Projects/EECS4313/commons-cli/target/test-classes:/Users/kietvandang/Projects/EECS4313/commons-cli/target/classes:/Users/kietvandang/.m2/repository/org/junit/jupiter/junit-jupiter-api/5.14.2/junit-jupiter-api-5.14.2.jar:/Users/kietvandang/.m2/repository/org/opentest4j/opentest4j/1.3.0/opentest4j-1.3.0.jar:/Users/kietvandang/.m2/repository/org/junit/platform/junit-platform-commons/1.14.2/junit-platform-commons-1.14.2.jar:/Users/kietvandang/.m2/repository/org/apiguardian/apiguardian-api/1.1.2/apiguardian-api-1.1.2.jar:/Users/kietvandang/.m2/repository/org/junit/jupiter/junit-jupiter-engine/5.14.2/junit-jupiter-engine-5.14.2.jar:/Users/kietvandang/.m2/repository/org/junit/platform/junit-platform-engine/1.14.2/junit-platform-engine-1.14.2.jar:/Users/kietvandang/.m2/repository/org/junit/jupiter/junit-jupiter-params/5.14.2/junit-jupiter-params-5.14.2.jar:/Users/kietvandang/.m2/repository/org/junit-pioneer/junit-pioneer/1.9.1/junit-pioneer-1.9.1.jar:/Users/kietvandang/.m2/repository/org/junit/platform/junit-platform-launcher/1.14.2/junit-platform-launcher-1.14.2.jar:/Users/kietvandang/.m2/repository/commons-io/commons-io/2.21.0/commons-io-2.21.0.jar:/Users/kietvandang/.m2/repository/org/apache/commons/commons-text/1.15.0/commons-text-1.15.0.jar:/Users/kietvandang/.m2/repository/org/apache/commons/commons-lang3/3.20.0/commons-lang3-3.20.0.jar:/Users/kietvandang/.m2/repository/org/mockito/mockito-core/3.12.4/mockito-core-3.12.4.jar:/Users/kietvandang/.m2/repository/net/bytebuddy/byte-buddy/1.11.13/byte-buddy-1.11.13.jar:/Users/kietvandang/.m2/repository/net/bytebuddy/byte-buddy-agent/1.11.13/byte-buddy-agent-1.11.13.jar:/Users/kietvandang/.m2/repository/org/objenesis/objenesis/3.2/objenesis-3.2.jar:/Users/kietvandang/.m2/repository/org/evosuite/evosuite-standalone-runtime/1.0.6/evosuite-standalone-runtime-1.0.6.jar:/Users/kietvandang/.m2/repository/junit/junit/4.13.2/junit-4.13.2.jar:/Users/kietvandang/.m2/repository/org/hamcrest/hamcrest-core/1.3/hamcrest-core-1.3.jar:/Users/kietvandang/Projects/EECS4313/commons-cli/target/test-classes:/Users/kietvandang/Projects/EECS4313/commons-cli/target/classes:/Users/kietvandang/.m2/repository/org/junit/jupiter/junit-jupiter-api/5.14.2/junit-jupiter-api-5.14.2.jar:/Users/kietvandang/.m2/repository/org/opentest4j/opentest4j/1.3.0/opentest4j-1.3.0.jar:/Users/kietvandang/.m2/repository/org/junit/platform/junit-platform-commons/1.14.2/junit-platform-commons-1.14.2.jar:/Users/kietvandang/.m2/repository/org/apiguardian/apiguardian-api/1.1.2/apiguardian-api-1.1.2.jar:/Users/kietvandang/.m2/repository/org/junit/jupiter/junit-jupiter-engine/5.14.2/junit-jupiter-engine-5.14.2.jar:/Users/kietvandang/.m2/repository/org/junit/platform/junit-platform-engine/1.14.2/junit-platform-engine-1.14.2.jar:/Users/kietvandang/.m2/repository/org/junit/jupiter/junit-jupiter-params/5.14.2/junit-jupiter-params-5.14.2.jar:/Users/kietvandang/.m2/repository/org/junit-pioneer/junit-pioneer/1.9.1/junit-pioneer-1.9.1.jar:/Users/kietvandang/.m2/repository/org/junit/platform/junit-platform-launcher/1.14.2/junit-platform-launcher-1.14.2.jar:/Users/kietvandang/.m2/repository/commons-io/commons-io/2.21.0/commons-io-2.21.0.jar:/Users/kietvandang/.m2/repository/org/apache/commons/commons-text/1.15.0/commons-text-1.15.0.jar:/Users/kietvandang/.m2/repository/org/apache/commons/commons-lang3/3.20.0/commons-lang3-3.20.0.jar:/Users/kietvandang/.m2/repository/org/mockito/mockito-core/3.12.4/mockito-core-3.12.4.jar:/Users/kietvandang/.m2/repository/net/bytebuddy/byte-buddy/1.11.13/byte-buddy-1.11.13.jar:/Users/kietvandang/.m2/repository/net/bytebuddy/byte-buddy-agent/1.11.13/byte-buddy-agent-1.11.13.jar:/Users/kietvandang/.m2/repository/org/objenesis/objenesis/3.2/objenesis-3.2.jar:/Users/kietvandang/.m2/repository/org/evosuite/evosuite-standalone-runtime/1.0.6/evosuite-standalone-runtime-1.0.6.jar:/Users/kietvandang/.m2/repository/junit/junit/4.13.2/junit-4.13.2.jar:/Users/kietvandang/.m2/repository/org/hamcrest/hamcrest-core/1.3/hamcrest-core-1.3.jar:/Users/kietvandang/.m2/repository/org/evosuite/evosuite-master/1.0.6/evosuite-master-1.0.6.jar:/Users/kietvandang/.m2/repository/org/evosuite/evosuite-client/1.0.6/evosuite-client-1.0.6-tests.jar:/Users/kietvandang/.m2/repository/org/evosuite/evosuite-runtime/1.0.6/evosuite-runtime-1.0.6.jar:/Users/kietvandang/.m2/repository/javax/ejb/javax.ejb-api/3.2/javax.ejb-api-3.2.jar:/Users/kietvandang/.m2/repository/javax/transaction/javax.transaction-api/1.2/javax.transaction-api-1.2.jar:/Users/kietvandang/.m2/repository/javax/faces/javax.faces-api/2.2/javax.faces-api-2.2.jar:/Users/kietvandang/.m2/repository/javax/ws/rs/jsr311-api/1.1.1/jsr311-api-1.1.1.jar:/Users/kietvandang/.m2/repository/org/hsqldb/hsqldb/2.4.0/hsqldb-2.4.0.jar:/Users/kietvandang/.m2/repository/org/springframework/spring-orm/4.3.14.RELEASE/spring-orm-4.3.14.RELEASE.jar:/Users/kietvandang/.m2/repository/org/springframework/spring-beans/4.3.14.RELEASE/spring-beans-4.3.14.RELEASE.jar:/Users/kietvandang/.m2/repository/org/springframework/spring-core/4.3.14.RELEASE/spring-core-4.3.14.RELEASE.jar:/Users/kietvandang/.m2/repository/org/springframework/spring-jdbc/4.3.14.RELEASE/spring-jdbc-4.3.14.RELEASE.jar:/Users/kietvandang/.m2/repository/org/springframework/spring-tx/4.3.14.RELEASE/spring-tx-4.3.14.RELEASE.jar:/Users/kietvandang/.m2/repository/org/springframework/spring-context/4.3.14.RELEASE/spring-context-4.3.14.RELEASE.jar:/Users/kietvandang/.m2/repository/org/springframework/spring-aop/4.3.14.RELEASE/spring-aop-4.3.14.RELEASE.jar:/Users/kietvandang/.m2/repository/org/springframework/spring-expression/4.3.14.RELEASE/spring-expression-4.3.14.RELEASE.jar:/Users/kietvandang/.m2/repository/junit/junit/4.12/junit-4.12.jar:/Users/kietvandang/.m2/repository/org/hamcrest/hamcrest-core/1.3/hamcrest-core-1.3.jar:/Users/kietvandang/.m2/repository/org/mockito/mockito-core/2.16.0/mockito-core-2.16.0.jar:/Users/kietvandang/.m2/repository/net/bytebuddy/byte-buddy/1.7.9/byte-buddy-1.7.9.jar:/Users/kietvandang/.m2/repository/net/bytebuddy/byte-buddy-agent/1.7.9/byte-buddy-agent-1.7.9.jar:/Users/kietvandang/.m2/repository/org/objenesis/objenesis/2.6/objenesis-2.6.jar:/Users/kietvandang/.m2/repository/org/slf4j/slf4j-api/1.7.22/slf4j-api-1.7.22.jar:/Users/kietvandang/.m2/repository/org/ow2/asm/asm/6.0/asm-6.0.jar:/Users/kietvandang/.m2/repository/org/ow2/asm/asm-commons/6.0/asm-commons-6.0.jar:/Users/kietvandang/.m2/repository/org/ow2/asm/asm-tree/6.0/asm-tree-6.0.jar:/Users/kietvandang/.m2/repository/org/ow2/asm/asm-analysis/6.0/asm-analysis-6.0.jar:/Users/kietvandang/.m2/repository/org/ow2/asm/asm-util/6.0/asm-util-6.0.jar:/Users/kietvandang/.m2/repository/javax/xml/bind/jaxb-api/2.3.0/jaxb-api-2.3.0.jar:/Users/kietvandang/.m2/repository/com/opencsv/opencsv/4.1/opencsv-4.1.jar:/Users/kietvandang/.m2/repository/org/apache/commons/commons-text/1.1/commons-text-1.1.jar:/Users/kietvandang/.m2/repository/commons-beanutils/commons-beanutils/1.9.3/commons-beanutils-1.9.3.jar:/Users/kietvandang/.m2/repository/commons-logging/commons-logging/1.2/commons-logging-1.2.jar:/Users/kietvandang/.m2/repository/commons-collections/commons-collections/3.2.2/commons-collections-3.2.2.jar:/Users/kietvandang/.m2/repository/dk/brics/automaton/automaton/1.11-8/automaton-1.11-8.jar:/Users/kietvandang/.m2/repository/ch/qos/logback/logback-classic/1.1.3/logback-classic-1.1.3.jar:/Users/kietvandang/.m2/repository/ch/qos/logback/logback-core/1.1.3/logback-core-1.1.3.jar:/Users/kietvandang/.m2/repository/com/googlecode/gentyref/gentyref/1.2.0/gentyref-1.2.0.jar:/Users/kietvandang/.m2/repository/net/sf/jgrapht/jgrapht/0.8.3/jgrapht-0.8.3.jar:/Users/kietvandang/.m2/repository/com/thoughtworks/xstream/xstream/1.4.10/xstream-1.4.10.jar:/Users/kietvandang/.m2/repository/xmlpull/xmlpull/1.1.3.1/xmlpull-1.1.3.1.jar:/Users/kietvandang/.m2/repository/xpp3/xpp3_min/1.1.4c/xpp3_min-1.1.4c.jar:/Users/kietvandang/.m2/repository/org/apache/commons/commons-lang3/3.7/commons-lang3-3.7.jar:/Users/kietvandang/.m2/repository/commons-io/commons-io/2.6/commons-io-2.6.jar:/Users/kietvandang/.m2/repository/commons-cli/commons-cli/1.4/commons-cli-1.4.jar:/Users/kietvandang/.m2/repository/org/kohsuke/graphviz-api/1.1/graphviz-api-1.1.jar:/Users/kietvandang/.m2/repository/oro/oro/2.0.8/oro-2.0.8.jar:/Users/kietvandang/.m2/repository/org/apache/commons/commons-exec/1.3/commons-exec-1.3.jar:/Users/kietvandang/.m2/repository/org/jboss/spec/javax/servlet/jboss-servlet-api_3.1_spec/1.0.2.Final/jboss-servlet-api_3.1_spec-1.0.2.Final.jar:/Users/kietvandang/.m2/repository/javax/inject/javax.inject/1/javax.inject-1.jar:/Users/kietvandang/.m2/repository/javax/enterprise/cdi-api/1.2/cdi-api-1.2.jar:/Users/kietvandang/.m2/repository/javax/el/javax.el-api/3.0.0/javax.el-api-3.0.0.jar:/Users/kietvandang/.m2/repository/javax/interceptor/javax.interceptor-api/1.2/javax.interceptor-api-1.2.jar:/Users/kietvandang/.m2/repository/org/hibernate/hibernate-core/5.2.13.Final/hibernate-core-5.2.13.Final.jar:/Users/kietvandang/.m2/repository/org/jboss/logging/jboss-logging/3.3.1.Final/jboss-logging-3.3.1.Final.jar:/Users/kietvandang/.m2/repository/org/hibernate/javax/persistence/hibernate-jpa-2.1-api/1.0.0.Final/hibernate-jpa-2.1-api-1.0.0.Final.jar:/Users/kietvandang/.m2/repository/org/javassist/javassist/3.22.0-GA/javassist-3.22.0-GA.jar:/Users/kietvandang/.m2/repository/antlr/antlr/2.7.7/antlr-2.7.7.jar:/Users/kietvandang/.m2/repository/org/jboss/spec/javax/transaction/jboss-transaction-api_1.2_spec/1.0.1.Final/jboss-transaction-api_1.2_spec-1.0.1.Final.jar:/Users/kietvandang/.m2/repository/org/jboss/jandex/2.0.3.Final/jandex-2.0.3.Final.jar:/Users/kietvandang/.m2/repository/com/fasterxml/classmate/1.3.0/classmate-1.3.0.jar:/Users/kietvandang/.m2/repository/dom4j/dom4j/1.6.1/dom4j-1.6.1.jar:/Users/kietvandang/.m2/repository/org/hibernate/common/hibernate-commons-annotations/5.0.1.Final/hibernate-commons-annotations-5.0.1.Final.jar:/Users/kietvandang/.m2/repository/com/google/code/findbugs/jsr305/2.0.1/jsr305-2.0.1.jar:/Users/kietvandang/Projects/EECS4313/commons-cli/target/test-classes:/Users/kietvandang/Projects/EECS4313/commons-cli/target/classes:/Users/kietvandang/.m2/repository/org/junit/jupiter/junit-jupiter-api/5.14.2/junit-jupiter-api-5.14.2.jar:/Users/kietvandang/.m2/repository/org/opentest4j/opentest4j/1.3.0/opentest4j-1.3.0.jar:/Users/kietvandang/.m2/repository/org/junit/platform/junit-platform-commons/1.14.2/junit-platform-commons-1.14.2.jar:/Users/kietvandang/.m2/repository/org/apiguardian/apiguardian-api/1.1.2/apiguardian-api-1.1.2.jar:/Users/kietvandang/.m2/repository/org/junit/jupiter/junit-jupiter-engine/5.14.2/junit-jupiter-engine-5.14.2.jar:/Users/kietvandang/.m2/repository/org/junit/platform/junit-platform-engine/1.14.2/junit-platform-engine-1.14.2.jar:/Users/kietvandang/.m2/repository/org/junit/jupiter/junit-jupiter-params/5.14.2/junit-jupiter-params-5.14.2.jar:/Users/kietvandang/.m2/repository/org/junit-pioneer/junit-pioneer/1.9.1/junit-pioneer-1.9.1.jar:/Users/kietvandang/.m2/repository/org/junit/platform/junit-platform-launcher/1.14.2/junit-platform-launcher-1.14.2.jar:/Users/kietvandang/.m2/repository/commons-io/commons-io/2.21.0/commons-io-2.21.0.jar:/Users/kietvandang/.m2/repository/org/apache/commons/commons-text/1.15.0/commons-text-1.15.0.jar:/Users/kietvandang/.m2/repository/org/apache/commons/commons-lang3/3.20.0/commons-lang3-3.20.0.jar:/Users/kietvandang/.m2/repository/org/mockito/mockito-core/3.12.4/mockito-core-3.12.4.jar:/Users/kietvandang/.m2/repository/net/bytebuddy/byte-buddy/1.11.13/byte-buddy-1.11.13.jar:/Users/kietvandang/.m2/repository/net/bytebuddy/byte-buddy-agent/1.11.13/byte-buddy-agent-1.11.13.jar:/Users/kietvandang/.m2/repository/org/objenesis/objenesis/3.2/objenesis-3.2.jar:/Users/kietvandang/.m2/repository/org/evosuite/evosuite-standalone-runtime/1.0.6/evosuite-standalone-runtime-1.0.6.jar:/Users/kietvandang/.m2/repository/junit/junit/4.13.2/junit-4.13.2.jar:/Users/kietvandang/.m2/repository/org/hamcrest/hamcrest-core/1.3/hamcrest-core-1.3.jar
[MASTER] 17:14:54.127 [pool-2-thread-1] ERROR JUnitAnalyzer - evosuiteCP: /Users/kietvandang/Projects/EECS4313/commons-cli/target/test-classes:/Users/kietvandang/Projects/EECS4313/commons-cli/target/classes:/Users/kietvandang/.m2/repository/org/junit/jupiter/junit-jupiter-api/5.14.2/junit-jupiter-api-5.14.2.jar:/Users/kietvandang/.m2/repository/org/opentest4j/opentest4j/1.3.0/opentest4j-1.3.0.jar:/Users/kietvandang/.m2/repository/org/junit/platform/junit-platform-commons/1.14.2/junit-platform-commons-1.14.2.jar:/Users/kietvandang/.m2/repository/org/apiguardian/apiguardian-api/1.1.2/apiguardian-api-1.1.2.jar:/Users/kietvandang/.m2/repository/org/junit/jupiter/junit-jupiter-engine/5.14.2/junit-jupiter-engine-5.14.2.jar:/Users/kietvandang/.m2/repository/org/junit/platform/junit-platform-engine/1.14.2/junit-platform-engine-1.14.2.jar:/Users/kietvandang/.m2/repository/org/junit/jupiter/junit-jupiter-params/5.14.2/junit-jupiter-params-5.14.2.jar:/Users/kietvandang/.m2/repository/org/junit-pioneer/junit-pioneer/1.9.1/junit-pioneer-1.9.1.jar:/Users/kietvandang/.m2/repository/org/junit/platform/junit-platform-launcher/1.14.2/junit-platform-launcher-1.14.2.jar:/Users/kietvandang/.m2/repository/commons-io/commons-io/2.21.0/commons-io-2.21.0.jar:/Users/kietvandang/.m2/repository/org/apache/commons/commons-text/1.15.0/commons-text-1.15.0.jar:/Users/kietvandang/.m2/repository/org/apache/commons/commons-lang3/3.20.0/commons-lang3-3.20.0.jar:/Users/kietvandang/.m2/repository/org/mockito/mockito-core/3.12.4/mockito-core-3.12.4.jar:/Users/kietvandang/.m2/repository/net/bytebuddy/byte-buddy/1.11.13/byte-buddy-1.11.13.jar:/Users/kietvandang/.m2/repository/net/bytebuddy/byte-buddy-agent/1.11.13/byte-buddy-agent-1.11.13.jar:/Users/kietvandang/.m2/repository/org/objenesis/objenesis/3.2/objenesis-3.2.jar:/Users/kietvandang/.m2/repository/org/evosuite/evosuite-standalone-runtime/1.0.6/evosuite-standalone-runtime-1.0.6.jar:/Users/kietvandang/.m2/repository/junit/junit/4.13.2/junit-4.13.2.jar:/Users/kietvandang/.m2/repository/org/hamcrest/hamcrest-core/1.3/hamcrest-core-1.3.jar:/Users/kietvandang/.m2/repository/org/evosuite/evosuite-master/1.0.6/evosuite-master-1.0.6.jar:/Users/kietvandang/.m2/repository/org/evosuite/evosuite-client/1.0.6/evosuite-client-1.0.6-tests.jar:/Users/kietvandang/.m2/repository/org/evosuite/evosuite-runtime/1.0.6/evosuite-runtime-1.0.6.jar:/Users/kietvandang/.m2/repository/javax/ejb/javax.ejb-api/3.2/javax.ejb-api-3.2.jar:/Users/kietvandang/.m2/repository/javax/transaction/javax.transaction-api/1.2/javax.transaction-api-1.2.jar:/Users/kietvandang/.m2/repository/javax/faces/javax.faces-api/2.2/javax.faces-api-2.2.jar:/Users/kietvandang/.m2/repository/javax/ws/rs/jsr311-api/1.1.1/jsr311-api-1.1.1.jar:/Users/kietvandang/.m2/repository/org/hsqldb/hsqldb/2.4.0/hsqldb-2.4.0.jar:/Users/kietvandang/.m2/repository/org/springframework/spring-orm/4.3.14.RELEASE/spring-orm-4.3.14.RELEASE.jar:/Users/kietvandang/.m2/repository/org/springframework/spring-beans/4.3.14.RELEASE/spring-beans-4.3.14.RELEASE.jar:/Users/kietvandang/.m2/repository/org/springframework/spring-core/4.3.14.RELEASE/spring-core-4.3.14.RELEASE.jar:/Users/kietvandang/.m2/repository/org/springframework/spring-jdbc/4.3.14.RELEASE/spring-jdbc-4.3.14.RELEASE.jar:/Users/kietvandang/.m2/repository/org/springframework/spring-tx/4.3.14.RELEASE/spring-tx-4.3.14.RELEASE.jar:/Users/kietvandang/.m2/repository/org/springframework/spring-context/4.3.14.RELEASE/spring-context-4.3.14.RELEASE.jar:/Users/kietvandang/.m2/repository/org/springframework/spring-aop/4.3.14.RELEASE/spring-aop-4.3.14.RELEASE.jar:/Users/kietvandang/.m2/repository/org/springframework/spring-expression/4.3.14.RELEASE/spring-expression-4.3.14.RELEASE.jar:/Users/kietvandang/.m2/repository/junit/junit/4.12/junit-4.12.jar:/Users/kietvandang/.m2/repository/org/hamcrest/hamcrest-core/1.3/hamcrest-core-1.3.jar:/Users/kietvandang/.m2/repository/org/mockito/mockito-core/2.16.0/mockito-core-2.16.0.jar:/Users/kietvandang/.m2/repository/net/bytebuddy/byte-buddy/1.7.9/byte-buddy-1.7.9.jar:/Users/kietvandang/.m2/repository/net/bytebuddy/byte-buddy-agent/1.7.9/byte-buddy-agent-1.7.9.jar:/Users/kietvandang/.m2/repository/org/objenesis/objenesis/2.6/objenesis-2.6.jar:/Users/kietvandang/.m2/repository/org/slf4j/slf4j-api/1.7.22/slf4j-api-1.7.22.jar:/Users/kietvandang/.m2/repository/org/ow2/asm/asm/6.0/asm-6.0.jar:/Users/kietvandang/.m2/repository/org/ow2/asm/asm-commons/6.0/asm-commons-6.0.jar:/Users/kietvandang/.m2/repository/org/ow2/asm/asm-tree/6.0/asm-tree-6.0.jar:/Users/kietvandang/.m2/repository/org/ow2/asm/asm-analysis/6.0/asm-analysis-6.0.jar:/Users/kietvandang/.m2/repository/org/ow2/asm/asm-util/6.0/asm-util-6.0.jar:/Users/kietvandang/.m2/repository/javax/xml/bind/jaxb-api/2.3.0/jaxb-api-2.3.0.jar:/Users/kietvandang/.m2/repository/com/opencsv/opencsv/4.1/opencsv-4.1.jar:/Users/kietvandang/.m2/repository/org/apache/commons/commons-text/1.1/commons-text-1.1.jar:/Users/kietvandang/.m2/repository/commons-beanutils/commons-beanutils/1.9.3/commons-beanutils-1.9.3.jar:/Users/kietvandang/.m2/repository/commons-logging/commons-logging/1.2/commons-logging-1.2.jar:/Users/kietvandang/.m2/repository/commons-collections/commons-collections/3.2.2/commons-collections-3.2.2.jar:/Users/kietvandang/.m2/repository/dk/brics/automaton/automaton/1.11-8/automaton-1.11-8.jar:/Users/kietvandang/.m2/repository/ch/qos/logback/logback-classic/1.1.3/logback-classic-1.1.3.jar:/Users/kietvandang/.m2/repository/ch/qos/logback/logback-core/1.1.3/logback-core-1.1.3.jar:/Users/kietvandang/.m2/repository/com/googlecode/gentyref/gentyref/1.2.0/gentyref-1.2.0.jar:/Users/kietvandang/.m2/repository/net/sf/jgrapht/jgrapht/0.8.3/jgrapht-0.8.3.jar:/Users/kietvandang/.m2/repository/com/thoughtworks/xstream/xstream/1.4.10/xstream-1.4.10.jar:/Users/kietvandang/.m2/repository/xmlpull/xmlpull/1.1.3.1/xmlpull-1.1.3.1.jar:/Users/kietvandang/.m2/repository/xpp3/xpp3_min/1.1.4c/xpp3_min-1.1.4c.jar:/Users/kietvandang/.m2/repository/org/apache/commons/commons-lang3/3.7/commons-lang3-3.7.jar:/Users/kietvandang/.m2/repository/commons-io/commons-io/2.6/commons-io-2.6.jar:/Users/kietvandang/.m2/repository/commons-cli/commons-cli/1.4/commons-cli-1.4.jar:/Users/kietvandang/.m2/repository/org/kohsuke/graphviz-api/1.1/graphviz-api-1.1.jar:/Users/kietvandang/.m2/repository/oro/oro/2.0.8/oro-2.0.8.jar:/Users/kietvandang/.m2/repository/org/apache/commons/commons-exec/1.3/commons-exec-1.3.jar:/Users/kietvandang/.m2/repository/org/jboss/spec/javax/servlet/jboss-servlet-api_3.1_spec/1.0.2.Final/jboss-servlet-api_3.1_spec-1.0.2.Final.jar:/Users/kietvandang/.m2/repository/javax/inject/javax.inject/1/javax.inject-1.jar:/Users/kietvandang/.m2/repository/javax/enterprise/cdi-api/1.2/cdi-api-1.2.jar:/Users/kietvandang/.m2/repository/javax/el/javax.el-api/3.0.0/javax.el-api-3.0.0.jar:/Users/kietvandang/.m2/repository/javax/interceptor/javax.interceptor-api/1.2/javax.interceptor-api-1.2.jar:/Users/kietvandang/.m2/repository/org/hibernate/hibernate-core/5.2.13.Final/hibernate-core-5.2.13.Final.jar:/Users/kietvandang/.m2/repository/org/jboss/logging/jboss-logging/3.3.1.Final/jboss-logging-3.3.1.Final.jar:/Users/kietvandang/.m2/repository/org/hibernate/javax/persistence/hibernate-jpa-2.1-api/1.0.0.Final/hibernate-jpa-2.1-api-1.0.0.Final.jar:/Users/kietvandang/.m2/repository/org/javassist/javassist/3.22.0-GA/javassist-3.22.0-GA.jar:/Users/kietvandang/.m2/repository/antlr/antlr/2.7.7/antlr-2.7.7.jar:/Users/kietvandang/.m2/repository/org/jboss/spec/javax/transaction/jboss-transaction-api_1.2_spec/1.0.1.Final/jboss-transaction-api_1.2_spec-1.0.1.Final.jar:/Users/kietvandang/.m2/repository/org/jboss/jandex/2.0.3.Final/jandex-2.0.3.Final.jar:/Users/kietvandang/.m2/repository/com/fasterxml/classmate/1.3.0/classmate-1.3.0.jar:/Users/kietvandang/.m2/repository/dom4j/dom4j/1.6.1/dom4j-1.6.1.jar:/Users/kietvandang/.m2/repository/org/hibernate/common/hibernate-commons-annotations/5.0.1.Final/hibernate-commons-annotations-5.0.1.Final.jar:/Users/kietvandang/.m2/repository/com/google/code/findbugs/jsr305/2.0.1/jsr305-2.0.1.jar:/Users/kietvandang/Projects/EECS4313/commons-cli/target/test-classes:/Users/kietvandang/Projects/EECS4313/commons-cli/target/classes:/Users/kietvandang/.m2/repository/org/junit/jupiter/junit-jupiter-api/5.14.2/junit-jupiter-api-5.14.2.jar:/Users/kietvandang/.m2/repository/org/opentest4j/opentest4j/1.3.0/opentest4j-1.3.0.jar:/Users/kietvandang/.m2/repository/org/junit/platform/junit-platform-commons/1.14.2/junit-platform-commons-1.14.2.jar:/Users/kietvandang/.m2/repository/org/apiguardian/apiguardian-api/1.1.2/apiguardian-api-1.1.2.jar:/Users/kietvandang/.m2/repository/org/junit/jupiter/junit-jupiter-engine/5.14.2/junit-jupiter-engine-5.14.2.jar:/Users/kietvandang/.m2/repository/org/junit/platform/junit-platform-engine/1.14.2/junit-platform-engine-1.14.2.jar:/Users/kietvandang/.m2/repository/org/junit/jupiter/junit-jupiter-params/5.14.2/junit-jupiter-params-5.14.2.jar:/Users/kietvandang/.m2/repository/org/junit-pioneer/junit-pioneer/1.9.1/junit-pioneer-1.9.1.jar:/Users/kietvandang/.m2/repository/org/junit/platform/junit-platform-launcher/1.14.2/junit-platform-launcher-1.14.2.jar:/Users/kietvandang/.m2/repository/commons-io/commons-io/2.21.0/commons-io-2.21.0.jar:/Users/kietvandang/.m2/repository/org/apache/commons/commons-text/1.15.0/commons-text-1.15.0.jar:/Users/kietvandang/.m2/repository/org/apache/commons/commons-lang3/3.20.0/commons-lang3-3.20.0.jar:/Users/kietvandang/.m2/repository/org/mockito/mockito-core/3.12.4/mockito-core-3.12.4.jar:/Users/kietvandang/.m2/repository/net/bytebuddy/byte-buddy/1.11.13/byte-buddy-1.11.13.jar:/Users/kietvandang/.m2/repository/net/bytebuddy/byte-buddy-agent/1.11.13/byte-buddy-agent-1.11.13.jar:/Users/kietvandang/.m2/repository/org/objenesis/objenesis/3.2/objenesis-3.2.jar:/Users/kietvandang/.m2/repository/org/evosuite/evosuite-standalone-runtime/1.0.6/evosuite-standalone-runtime-1.0.6.jar:/Users/kietvandang/.m2/repository/junit/junit/4.13.2/junit-4.13.2.jar:/Users/kietvandang/.m2/repository/org/hamcrest/hamcrest-core/1.3/hamcrest-core-1.3.jar
[MASTER] 17:14:54.132 [pool-2-thread-1] ERROR JUnitAnalyzer - Diagnostic: incompatible types: java.lang.Class<java.lang.Class> cannot be converted to java.lang.Class<org.apache.commons.cli.Option>: 27
[MASTER] 17:14:54.133 [pool-2-thread-1] ERROR JUnitAnalyzer - RegularFileObject[/var/folders/jx/mmlj34wd62vbjkzchbls8tgw0000gn/T/EvoSuite_52_1773522894071/org/apache/commons/cli/help/AbstractHelpFormatter_52_tmp__ESTest.java]
1: /*
2:  * This file was automatically generated by EvoSuite
3:  * Sat Mar 14 21:14:54 GMT 2026
4:  */
5: 
6: package org.apache.commons.cli.help;
7: 
8: import org.junit.Test;
9: import static org.junit.Assert.*;
10: import java.util.List;
11: import java.util.ServiceLoader;
12: import java.util.Vector;
13: import org.apache.commons.cli.Option;
14: import org.apache.commons.cli.help.HelpFormatter;
15: import org.evosuite.runtime.EvoRunner;
16: import org.evosuite.runtime.EvoRunnerParameters;
17: import org.junit.runner.RunWith;
18: 
19: @RunWith(EvoRunner.class) @EvoRunnerParameters(mockJVMNonDeterminism = true, useVFS = true, useVNET = true, resetStaticState = true, useJEE = true) 
20: public class AbstractHelpFormatter_52_tmp__ESTest extends AbstractHelpFormatter_52_tmp__ESTest_scaffolding {
21: 
22:   @Test(timeout = 4000)
23:   public void test0()  throws Throwable  {
24:       HelpFormatter.Builder helpFormatter_Builder0 = new HelpFormatter.Builder();
25:       HelpFormatter helpFormatter0 = helpFormatter_Builder0.get();
26:       helpFormatter0.setSyntaxPrefix("%,d files, %,d directories, %,d bytes");
27:       Class<Option> class0 = Class.class;
28:       ServiceLoader<Option> serviceLoader0 = ServiceLoader.load(class0);
29:       List<Option> list0 = helpFormatter0.sort((Iterable<Option>) serviceLoader0);
30:       Vector<Option> vector0 = new Vector<Option>(list0);
31:       helpFormatter0.printHelp("%,d files, %,d directories, %,d bytes", "%,d files, %,d directories, %,d bytes", (Iterable<Option>) vector0, "%,d files, %,d directories, %,d bytes", false);
32:       assertEquals("%,d files, %,d directories, %,d bytes", helpFormatter0.getSyntaxPrefix());
33:   }
34: }
RegularFileObject[/var/folders/jx/mmlj34wd62vbjkzchbls8tgw0000gn/T/EvoSuite_52_1773522894071/org/apache/commons/cli/help/AbstractHelpFormatter_52_tmp__ESTest.java]
1: /**
2:  * Scaffolding file used to store all the setups needed to run 
3:  * tests automatically generated by EvoSuite
4:  * Sat Mar 14 21:14:54 GMT 2026
5:  */
6: 
7: package org.apache.commons.cli.help;
8: 
9: import org.evosuite.runtime.annotation.EvoSuiteClassExclude;
10: import org.junit.BeforeClass;
11: import org.junit.Before;
12: import org.junit.After;
13: import org.junit.AfterClass;
14: import org.evosuite.runtime.sandbox.Sandbox;
15: import org.evosuite.runtime.sandbox.Sandbox.SandboxMode;
16: 
17: @EvoSuiteClassExclude
18: public class AbstractHelpFormatter_52_tmp__ESTest_scaffolding {
19: 
20:   @org.junit.Rule 
21:   public org.evosuite.runtime.vnet.NonFunctionalRequirementRule nfr = new org.evosuite.runtime.vnet.NonFunctionalRequirementRule();
22: 
23:   private static final java.util.Properties defaultProperties = (java.util.Properties) java.lang.System.getProperties().clone(); 
24: 
25:   private org.evosuite.runtime.thread.ThreadStopper threadStopper =  new org.evosuite.runtime.thread.ThreadStopper (org.evosuite.runtime.thread.KillSwitchHandler.getInstance(), 3000);
26: 
27: 
28:   @BeforeClass 
29:   public static void initEvoSuiteFramework() { 
30:     org.evosuite.runtime.RuntimeSettings.className = "org.apache.commons.cli.help.AbstractHelpFormatter"; 
31:     org.evosuite.runtime.GuiSupport.initialize(); 
32:     org.evosuite.runtime.RuntimeSettings.maxNumberOfThreads = 100; 
33:     org.evosuite.runtime.RuntimeSettings.maxNumberOfIterationsPerLoop = 10000; 
34:     org.evosuite.runtime.RuntimeSettings.mockSystemIn = true; 
35:     org.evosuite.runtime.RuntimeSettings.sandboxMode = org.evosuite.runtime.sandbox.Sandbox.SandboxMode.RECOMMENDED; 
36:     org.evosuite.runtime.sandbox.Sandbox.initializeSecurityManagerForSUT(); 
37:     org.evosuite.runtime.classhandling.JDKClassResetter.init();
38:     setSystemProperties();
39:     initializeClasses();
40:     org.evosuite.runtime.Runtime.getInstance().resetRuntime(); 
41:   } 
42: 
43:   @AfterClass 
44:   public static void clearEvoSuiteFramework(){ 
45:     Sandbox.resetDefaultSecurityManager(); 
46:     java.lang.System.setProperties((java.util.Properties) defaultProperties.clone()); 
47:   } 
48: 
49:   @Before 
50:   public void initTestCase(){ 
51:     threadStopper.storeCurrentThreads();
52:     threadStopper.startRecordingTime();
53:     org.evosuite.runtime.jvm.ShutdownHookHandler.getInstance().initHandler(); 
54:     org.evosuite.runtime.sandbox.Sandbox.goingToExecuteSUTCode(); 
55:     setSystemProperties(); 
56:     org.evosuite.runtime.GuiSupport.setHeadless(); 
57:     org.evosuite.runtime.Runtime.getInstance().resetRuntime(); 
58:     org.evosuite.runtime.agent.InstrumentingAgent.activate(); 
59:   } 
60: 
61:   @After 
62:   public void doneWithTestCase(){ 
63:     threadStopper.killAndJoinClientThreads();
64:     org.evosuite.runtime.jvm.ShutdownHookHandler.getInstance().safeExecuteAddedHooks(); 
65:     org.evosuite.runtime.classhandling.JDKClassResetter.reset(); 
66:     resetClasses(); 
67:     org.evosuite.runtime.sandbox.Sandbox.doneWithExecutingSUTCode(); 
68:     org.evosuite.runtime.agent.InstrumentingAgent.deactivate(); 
69:     org.evosuite.runtime.GuiSupport.restoreHeadlessMode(); 
70:   } 
71: 
72:   public static void setSystemProperties() {
73:  
74:     java.lang.System.setProperties((java.util.Properties) defaultProperties.clone()); 
75:     java.lang.System.setProperty("file.encoding", "UTF-8"); 
76:     java.lang.System.setProperty("java.awt.headless", "true"); 
77:     java.lang.System.setProperty("java.io.tmpdir", "/var/folders/jx/mmlj34wd62vbjkzchbls8tgw0000gn/T/"); 
78:     java.lang.System.setProperty("user.country", "CA"); 
79:     java.lang.System.setProperty("user.dir", "/Users/kietvandang/Projects/EECS4313/commons-cli"); 
80:     java.lang.System.setProperty("user.home", "/Users/kietvandang"); 
81:     java.lang.System.setProperty("user.language", "en"); 
82:     java.lang.System.setProperty("user.name", "kietvandang"); 
83:     java.lang.System.setProperty("user.timezone", "America/Toronto"); 
84:   }
85: 
86:   private static void initializeClasses() {
87:     org.evosuite.runtime.classhandling.ClassStateSupport.initializeClasses(AbstractHelpFormatter_52_tmp__ESTest_scaffolding.class.getClassLoader() ,
88:       "org.apache.commons.cli.example.WeirdOptionFormat",
89:       "org.apache.commons.cli.help.Util",
90:       "org.apache.commons.cli.help.FilterHelpAppendable",
91:       "org.apache.commons.cli.Options",
92:       "org.apache.commons.cli.help.AbstractHelpFormatter",
93:       "org.apache.commons.cli.help.TextStyle$Alignment",
94:       "org.apache.commons.cli.help.TextHelpAppendable",
95:       "org.apache.commons.cli.Converter",
96:       "org.apache.commons.cli.help.TextStyle$1",
97:       "org.apache.commons.cli.help.TextStyle",
98:       "org.apache.commons.cli.OptionValidator",
99:       "org.apache.commons.cli.Option",
100:       "org.apache.commons.cli.help.HelpAppendable",
101:       "org.apache.commons.cli.DeprecatedAttributes",
102:       "org.apache.commons.cli.help.AbstractHelpFormatter$Builder",
103:       "org.apache.commons.cli.help.OptionFormatter",
104:       "org.apache.commons.cli.help.OptionFormatter$Builder",
105:       "org.apache.commons.cli.Option$Builder",
106:       "org.apache.commons.cli.help.TextStyle$Builder",
107:       "org.apache.commons.cli.help.TableDefinition",
108:       "org.apache.commons.cli.help.HelpFormatter",
109:       "org.apache.commons.cli.Option$1",
110:       "org.apache.commons.cli.AlreadySelectedException",
111:       "org.apache.commons.cli.help.HelpFormatter$Builder",
112:       "org.apache.commons.cli.ParseException",
113:       "org.apache.commons.cli.help.TableDefinition$1",
114:       "org.apache.commons.cli.OptionGroup"
115:     );
116:   } 
117: 
118:   private static void resetClasses() {
119:     org.evosuite.runtime.classhandling.ClassResetter.getInstance().setClassLoader(AbstractHelpFormatter_52_tmp__ESTest_scaffolding.class.getClassLoader()); 
120: 
121:     org.evosuite.runtime.classhandling.ClassStateSupport.resetClasses(
122:       "org.apache.commons.cli.help.AbstractHelpFormatter",
123:       "org.apache.commons.cli.help.AbstractHelpFormatter$Builder",
124:       "org.apache.commons.cli.help.HelpFormatter",
125:       "org.apache.commons.cli.help.HelpFormatter$Builder",
126:       "org.apache.commons.cli.help.FilterHelpAppendable",
127:       "org.apache.commons.cli.help.TextHelpAppendable",
128:       "org.apache.commons.cli.help.TextStyle$Builder",
129:       "org.apache.commons.cli.help.TextStyle$Alignment",
130:       "org.apache.commons.cli.help.TextStyle",
131:       "org.apache.commons.cli.help.OptionFormatter",
132:       "org.apache.commons.cli.help.OptionFormatter$Builder",
133:       "org.apache.commons.cli.help.Util",
134:       "org.apache.commons.cli.Options",
135:       "org.apache.commons.cli.OptionGroup",
136:       "org.apache.commons.cli.help.TableDefinition$1",
137:       "org.apache.commons.cli.Option",
138:       "org.apache.commons.cli.OptionValidator",
139:       "org.apache.commons.cli.help.TextStyle$1",
140:       "org.apache.commons.cli.Option$Builder",
141:       "org.apache.commons.cli.example.WeirdOptionFormat",
142:       "org.apache.commons.cli.Util",
143:       "org.apache.commons.cli.Converter",
144:       "org.apache.commons.cli.TypeHandler",
145:       "org.apache.commons.cli.ParseException",
146:       "org.apache.commons.cli.AlreadySelectedException",
147:       "org.apache.commons.lang3.StringUtils"
148:     );
149:   }
150: }

[MASTER] 17:14:54.133 [pool-2-thread-1] ERROR JUnitAnalyzer - Failed to compile test case:
HelpFormatter.Builder helpFormatter_Builder0 = new HelpFormatter.Builder();
HelpFormatter helpFormatter0 = helpFormatter_Builder0.get();
helpFormatter0.setSyntaxPrefix("%,d files, %,d directories, %,d bytes");
Class<Option> class0 = Class.class;
ServiceLoader<Option> serviceLoader0 = ServiceLoader.load(class0);
List<Option> list0 = helpFormatter0.sort((Iterable<Option>) serviceLoader0);
Vector<Option> vector0 = new Vector<Option>(list0);
helpFormatter0.printHelp("%,d files, %,d directories, %,d bytes", "%,d files, %,d directories, %,d bytes", (Iterable<Option>) vector0, "%,d files, %,d directories, %,d bytes", false);
assertEquals("%,d files, %,d directories, %,d bytes", helpFormatter0.getSyntaxPrefix());


