[MASTER] 17:00:55.440 [pool-2-thread-1] ERROR TestCluster - Failed to check cache for java.util.LinkedList<E> : Type points to itself
[MASTER] 17:00:55.441 [pool-2-thread-1] ERROR TestCluster - Failed to check cache for java.util.ArrayDeque<E> : Type points to itself
[MASTER] 17:00:55.442 [pool-2-thread-1] ERROR TestCluster - Failed to check cache for java.util.PriorityQueue<E> : Type points to itself
[MASTER] 17:00:55.442 [pool-2-thread-1] ERROR TestCluster - Failed to check cache for java.util.List<E> : Type points to itself
[MASTER] 17:00:55.530 [pool-2-thread-1] ERROR TestCluster - Failed to check cache for java.lang.Iterable<T> : Type points to itself
[MASTER] 17:00:55.817 [pool-2-thread-1] ERROR TestCluster - Failed to check cache for java.util.Queue<E> : Type points to itself
[MASTER] 17:00:57.562 [pool-2-thread-1] ERROR TestCluster - Failed to check cache for java.util.Comparator<T> : Type points to itself
[MASTER] 17:00:57.870 [pool-2-thread-1] ERROR TestCluster - Failed to check cache for java.util.function.Function<T, R> : Type points to itself
[MASTER] 17:03:37.088 [pool-2-thread-1] ERROR JUnitAnalyzer - Compilation failed on compilation units: [RegularFileObject[/var/folders/jx/mmlj34wd62vbjkzchbls8tgw0000gn/T/EvoSuite_51_1773522217032/org/apache/commons/cli/help/TextHelpAppendable_51_tmp__ESTest.java], RegularFileObject[/var/folders/jx/mmlj34wd62vbjkzchbls8tgw0000gn/T/EvoSuite_51_1773522217032/org/apache/commons/cli/help/TextHelpAppendable_51_tmp__ESTest_scaffolding.java]]
[MASTER] 17:03:37.088 [pool-2-thread-1] ERROR JUnitAnalyzer - Classpath: /Users/kietvandang/Projects/EECS4313/commons-cli/target/test-classes:/Users/kietvandang/Projects/EECS4313/commons-cli/target/classes:/Users/kietvandang/.m2/repository/org/junit/jupiter/junit-jupiter-api/5.14.2/junit-jupiter-api-5.14.2.jar:/Users/kietvandang/.m2/repository/org/opentest4j/opentest4j/1.3.0/opentest4j-1.3.0.jar:/Users/kietvandang/.m2/repository/org/junit/platform/junit-platform-commons/1.14.2/junit-platform-commons-1.14.2.jar:/Users/kietvandang/.m2/repository/org/apiguardian/apiguardian-api/1.1.2/apiguardian-api-1.1.2.jar:/Users/kietvandang/.m2/repository/org/junit/jupiter/junit-jupiter-engine/5.14.2/junit-jupiter-engine-5.14.2.jar:/Users/kietvandang/.m2/repository/org/junit/platform/junit-platform-engine/1.14.2/junit-platform-engine-1.14.2.jar:/Users/kietvandang/.m2/repository/org/junit/jupiter/junit-jupiter-params/5.14.2/junit-jupiter-params-5.14.2.jar:/Users/kietvandang/.m2/repository/org/junit-pioneer/junit-pioneer/1.9.1/junit-pioneer-1.9.1.jar:/Users/kietvandang/.m2/repository/org/junit/platform/junit-platform-launcher/1.14.2/junit-platform-launcher-1.14.2.jar:/Users/kietvandang/.m2/repository/commons-io/commons-io/2.21.0/commons-io-2.21.0.jar:/Users/kietvandang/.m2/repository/org/apache/commons/commons-text/1.15.0/commons-text-1.15.0.jar:/Users/kietvandang/.m2/repository/org/apache/commons/commons-lang3/3.20.0/commons-lang3-3.20.0.jar:/Users/kietvandang/.m2/repository/org/mockito/mockito-core/3.12.4/mockito-core-3.12.4.jar:/Users/kietvandang/.m2/repository/net/bytebuddy/byte-buddy/1.11.13/byte-buddy-1.11.13.jar:/Users/kietvandang/.m2/repository/net/bytebuddy/byte-buddy-agent/1.11.13/byte-buddy-agent-1.11.13.jar:/Users/kietvandang/.m2/repository/org/objenesis/objenesis/3.2/objenesis-3.2.jar:/Users/kietvandang/.m2/repository/org/evosuite/evosuite-standalone-runtime/1.0.6/evosuite-standalone-runtime-1.0.6.jar:/Users/kietvandang/.m2/repository/junit/junit/4.13.2/junit-4.13.2.jar:/Users/kietvandang/.m2/repository/org/hamcrest/hamcrest-core/1.3/hamcrest-core-1.3.jar:/Users/kietvandang/Projects/EECS4313/commons-cli/target/test-classes:/Users/kietvandang/Projects/EECS4313/commons-cli/target/classes:/Users/kietvandang/.m2/repository/org/junit/jupiter/junit-jupiter-api/5.14.2/junit-jupiter-api-5.14.2.jar:/Users/kietvandang/.m2/repository/org/opentest4j/opentest4j/1.3.0/opentest4j-1.3.0.jar:/Users/kietvandang/.m2/repository/org/junit/platform/junit-platform-commons/1.14.2/junit-platform-commons-1.14.2.jar:/Users/kietvandang/.m2/repository/org/apiguardian/apiguardian-api/1.1.2/apiguardian-api-1.1.2.jar:/Users/kietvandang/.m2/repository/org/junit/jupiter/junit-jupiter-engine/5.14.2/junit-jupiter-engine-5.14.2.jar:/Users/kietvandang/.m2/repository/org/junit/platform/junit-platform-engine/1.14.2/junit-platform-engine-1.14.2.jar:/Users/kietvandang/.m2/repository/org/junit/jupiter/junit-jupiter-params/5.14.2/junit-jupiter-params-5.14.2.jar:/Users/kietvandang/.m2/repository/org/junit-pioneer/junit-pioneer/1.9.1/junit-pioneer-1.9.1.jar:/Users/kietvandang/.m2/repository/org/junit/platform/junit-platform-launcher/1.14.2/junit-platform-launcher-1.14.2.jar:/Users/kietvandang/.m2/repository/commons-io/commons-io/2.21.0/commons-io-2.21.0.jar:/Users/kietvandang/.m2/repository/org/apache/commons/commons-text/1.15.0/commons-text-1.15.0.jar:/Users/kietvandang/.m2/repository/org/apache/commons/commons-lang3/3.20.0/commons-lang3-3.20.0.jar:/Users/kietvandang/.m2/repository/org/mockito/mockito-core/3.12.4/mockito-core-3.12.4.jar:/Users/kietvandang/.m2/repository/net/bytebuddy/byte-buddy/1.11.13/byte-buddy-1.11.13.jar:/Users/kietvandang/.m2/repository/net/bytebuddy/byte-buddy-agent/1.11.13/byte-buddy-agent-1.11.13.jar:/Users/kietvandang/.m2/repository/org/objenesis/objenesis/3.2/objenesis-3.2.jar:/Users/kietvandang/.m2/repository/org/evosuite/evosuite-standalone-runtime/1.0.6/evosuite-standalone-runtime-1.0.6.jar:/Users/kietvandang/.m2/repository/junit/junit/4.13.2/junit-4.13.2.jar:/Users/kietvandang/.m2/repository/org/hamcrest/hamcrest-core/1.3/hamcrest-core-1.3.jar:/Users/kietvandang/.m2/repository/org/evosuite/evosuite-master/1.0.6/evosuite-master-1.0.6.jar:/Users/kietvandang/.m2/repository/org/evosuite/evosuite-client/1.0.6/evosuite-client-1.0.6-tests.jar:/Users/kietvandang/.m2/repository/org/evosuite/evosuite-runtime/1.0.6/evosuite-runtime-1.0.6.jar:/Users/kietvandang/.m2/repository/javax/ejb/javax.ejb-api/3.2/javax.ejb-api-3.2.jar:/Users/kietvandang/.m2/repository/javax/transaction/javax.transaction-api/1.2/javax.transaction-api-1.2.jar:/Users/kietvandang/.m2/repository/javax/faces/javax.faces-api/2.2/javax.faces-api-2.2.jar:/Users/kietvandang/.m2/repository/javax/ws/rs/jsr311-api/1.1.1/jsr311-api-1.1.1.jar:/Users/kietvandang/.m2/repository/org/hsqldb/hsqldb/2.4.0/hsqldb-2.4.0.jar:/Users/kietvandang/.m2/repository/org/springframework/spring-orm/4.3.14.RELEASE/spring-orm-4.3.14.RELEASE.jar:/Users/kietvandang/.m2/repository/org/springframework/spring-beans/4.3.14.RELEASE/spring-beans-4.3.14.RELEASE.jar:/Users/kietvandang/.m2/repository/org/springframework/spring-core/4.3.14.RELEASE/spring-core-4.3.14.RELEASE.jar:/Users/kietvandang/.m2/repository/org/springframework/spring-jdbc/4.3.14.RELEASE/spring-jdbc-4.3.14.RELEASE.jar:/Users/kietvandang/.m2/repository/org/springframework/spring-tx/4.3.14.RELEASE/spring-tx-4.3.14.RELEASE.jar:/Users/kietvandang/.m2/repository/org/springframework/spring-context/4.3.14.RELEASE/spring-context-4.3.14.RELEASE.jar:/Users/kietvandang/.m2/repository/org/springframework/spring-aop/4.3.14.RELEASE/spring-aop-4.3.14.RELEASE.jar:/Users/kietvandang/.m2/repository/org/springframework/spring-expression/4.3.14.RELEASE/spring-expression-4.3.14.RELEASE.jar:/Users/kietvandang/.m2/repository/junit/junit/4.12/junit-4.12.jar:/Users/kietvandang/.m2/repository/org/hamcrest/hamcrest-core/1.3/hamcrest-core-1.3.jar:/Users/kietvandang/.m2/repository/org/mockito/mockito-core/2.16.0/mockito-core-2.16.0.jar:/Users/kietvandang/.m2/repository/net/bytebuddy/byte-buddy/1.7.9/byte-buddy-1.7.9.jar:/Users/kietvandang/.m2/repository/net/bytebuddy/byte-buddy-agent/1.7.9/byte-buddy-agent-1.7.9.jar:/Users/kietvandang/.m2/repository/org/objenesis/objenesis/2.6/objenesis-2.6.jar:/Users/kietvandang/.m2/repository/org/slf4j/slf4j-api/1.7.22/slf4j-api-1.7.22.jar:/Users/kietvandang/.m2/repository/org/ow2/asm/asm/6.0/asm-6.0.jar:/Users/kietvandang/.m2/repository/org/ow2/asm/asm-commons/6.0/asm-commons-6.0.jar:/Users/kietvandang/.m2/repository/org/ow2/asm/asm-tree/6.0/asm-tree-6.0.jar:/Users/kietvandang/.m2/repository/org/ow2/asm/asm-analysis/6.0/asm-analysis-6.0.jar:/Users/kietvandang/.m2/repository/org/ow2/asm/asm-util/6.0/asm-util-6.0.jar:/Users/kietvandang/.m2/repository/javax/xml/bind/jaxb-api/2.3.0/jaxb-api-2.3.0.jar:/Users/kietvandang/.m2/repository/com/opencsv/opencsv/4.1/opencsv-4.1.jar:/Users/kietvandang/.m2/repository/org/apache/commons/commons-text/1.1/commons-text-1.1.jar:/Users/kietvandang/.m2/repository/commons-beanutils/commons-beanutils/1.9.3/commons-beanutils-1.9.3.jar:/Users/kietvandang/.m2/repository/commons-logging/commons-logging/1.2/commons-logging-1.2.jar:/Users/kietvandang/.m2/repository/commons-collections/commons-collections/3.2.2/commons-collections-3.2.2.jar:/Users/kietvandang/.m2/repository/dk/brics/automaton/automaton/1.11-8/automaton-1.11-8.jar:/Users/kietvandang/.m2/repository/ch/qos/logback/logback-classic/1.1.3/logback-classic-1.1.3.jar:/Users/kietvandang/.m2/repository/ch/qos/logback/logback-core/1.1.3/logback-core-1.1.3.jar:/Users/kietvandang/.m2/repository/com/googlecode/gentyref/gentyref/1.2.0/gentyref-1.2.0.jar:/Users/kietvandang/.m2/repository/net/sf/jgrapht/jgrapht/0.8.3/jgrapht-0.8.3.jar:/Users/kietvandang/.m2/repository/com/thoughtworks/xstream/xstream/1.4.10/xstream-1.4.10.jar:/Users/kietvandang/.m2/repository/xmlpull/xmlpull/1.1.3.1/xmlpull-1.1.3.1.jar:/Users/kietvandang/.m2/repository/xpp3/xpp3_min/1.1.4c/xpp3_min-1.1.4c.jar:/Users/kietvandang/.m2/repository/org/apache/commons/commons-lang3/3.7/commons-lang3-3.7.jar:/Users/kietvandang/.m2/repository/commons-io/commons-io/2.6/commons-io-2.6.jar:/Users/kietvandang/.m2/repository/commons-cli/commons-cli/1.4/commons-cli-1.4.jar:/Users/kietvandang/.m2/repository/org/kohsuke/graphviz-api/1.1/graphviz-api-1.1.jar:/Users/kietvandang/.m2/repository/oro/oro/2.0.8/oro-2.0.8.jar:/Users/kietvandang/.m2/repository/org/apache/commons/commons-exec/1.3/commons-exec-1.3.jar:/Users/kietvandang/.m2/repository/org/jboss/spec/javax/servlet/jboss-servlet-api_3.1_spec/1.0.2.Final/jboss-servlet-api_3.1_spec-1.0.2.Final.jar:/Users/kietvandang/.m2/repository/javax/inject/javax.inject/1/javax.inject-1.jar:/Users/kietvandang/.m2/repository/javax/enterprise/cdi-api/1.2/cdi-api-1.2.jar:/Users/kietvandang/.m2/repository/javax/el/javax.el-api/3.0.0/javax.el-api-3.0.0.jar:/Users/kietvandang/.m2/repository/javax/interceptor/javax.interceptor-api/1.2/javax.interceptor-api-1.2.jar:/Users/kietvandang/.m2/repository/org/hibernate/hibernate-core/5.2.13.Final/hibernate-core-5.2.13.Final.jar:/Users/kietvandang/.m2/repository/org/jboss/logging/jboss-logging/3.3.1.Final/jboss-logging-3.3.1.Final.jar:/Users/kietvandang/.m2/repository/org/hibernate/javax/persistence/hibernate-jpa-2.1-api/1.0.0.Final/hibernate-jpa-2.1-api-1.0.0.Final.jar:/Users/kietvandang/.m2/repository/org/javassist/javassist/3.22.0-GA/javassist-3.22.0-GA.jar:/Users/kietvandang/.m2/repository/antlr/antlr/2.7.7/antlr-2.7.7.jar:/Users/kietvandang/.m2/repository/org/jboss/spec/javax/transaction/jboss-transaction-api_1.2_spec/1.0.1.Final/jboss-transaction-api_1.2_spec-1.0.1.Final.jar:/Users/kietvandang/.m2/repository/org/jboss/jandex/2.0.3.Final/jandex-2.0.3.Final.jar:/Users/kietvandang/.m2/repository/com/fasterxml/classmate/1.3.0/classmate-1.3.0.jar:/Users/kietvandang/.m2/repository/dom4j/dom4j/1.6.1/dom4j-1.6.1.jar:/Users/kietvandang/.m2/repository/org/hibernate/common/hibernate-commons-annotations/5.0.1.Final/hibernate-commons-annotations-5.0.1.Final.jar:/Users/kietvandang/.m2/repository/com/google/code/findbugs/jsr305/2.0.1/jsr305-2.0.1.jar:/Users/kietvandang/Projects/EECS4313/commons-cli/target/test-classes:/Users/kietvandang/Projects/EECS4313/commons-cli/target/classes:/Users/kietvandang/.m2/repository/org/junit/jupiter/junit-jupiter-api/5.14.2/junit-jupiter-api-5.14.2.jar:/Users/kietvandang/.m2/repository/org/opentest4j/opentest4j/1.3.0/opentest4j-1.3.0.jar:/Users/kietvandang/.m2/repository/org/junit/platform/junit-platform-commons/1.14.2/junit-platform-commons-1.14.2.jar:/Users/kietvandang/.m2/repository/org/apiguardian/apiguardian-api/1.1.2/apiguardian-api-1.1.2.jar:/Users/kietvandang/.m2/repository/org/junit/jupiter/junit-jupiter-engine/5.14.2/junit-jupiter-engine-5.14.2.jar:/Users/kietvandang/.m2/repository/org/junit/platform/junit-platform-engine/1.14.2/junit-platform-engine-1.14.2.jar:/Users/kietvandang/.m2/repository/org/junit/jupiter/junit-jupiter-params/5.14.2/junit-jupiter-params-5.14.2.jar:/Users/kietvandang/.m2/repository/org/junit-pioneer/junit-pioneer/1.9.1/junit-pioneer-1.9.1.jar:/Users/kietvandang/.m2/repository/org/junit/platform/junit-platform-launcher/1.14.2/junit-platform-launcher-1.14.2.jar:/Users/kietvandang/.m2/repository/commons-io/commons-io/2.21.0/commons-io-2.21.0.jar:/Users/kietvandang/.m2/repository/org/apache/commons/commons-text/1.15.0/commons-text-1.15.0.jar:/Users/kietvandang/.m2/repository/org/apache/commons/commons-lang3/3.20.0/commons-lang3-3.20.0.jar:/Users/kietvandang/.m2/repository/org/mockito/mockito-core/3.12.4/mockito-core-3.12.4.jar:/Users/kietvandang/.m2/repository/net/bytebuddy/byte-buddy/1.11.13/byte-buddy-1.11.13.jar:/Users/kietvandang/.m2/repository/net/bytebuddy/byte-buddy-agent/1.11.13/byte-buddy-agent-1.11.13.jar:/Users/kietvandang/.m2/repository/org/objenesis/objenesis/3.2/objenesis-3.2.jar:/Users/kietvandang/.m2/repository/org/evosuite/evosuite-standalone-runtime/1.0.6/evosuite-standalone-runtime-1.0.6.jar:/Users/kietvandang/.m2/repository/junit/junit/4.13.2/junit-4.13.2.jar:/Users/kietvandang/.m2/repository/org/hamcrest/hamcrest-core/1.3/hamcrest-core-1.3.jar
[MASTER] 17:03:37.088 [pool-2-thread-1] ERROR JUnitAnalyzer - evosuiteCP: /Users/kietvandang/Projects/EECS4313/commons-cli/target/test-classes:/Users/kietvandang/Projects/EECS4313/commons-cli/target/classes:/Users/kietvandang/.m2/repository/org/junit/jupiter/junit-jupiter-api/5.14.2/junit-jupiter-api-5.14.2.jar:/Users/kietvandang/.m2/repository/org/opentest4j/opentest4j/1.3.0/opentest4j-1.3.0.jar:/Users/kietvandang/.m2/repository/org/junit/platform/junit-platform-commons/1.14.2/junit-platform-commons-1.14.2.jar:/Users/kietvandang/.m2/repository/org/apiguardian/apiguardian-api/1.1.2/apiguardian-api-1.1.2.jar:/Users/kietvandang/.m2/repository/org/junit/jupiter/junit-jupiter-engine/5.14.2/junit-jupiter-engine-5.14.2.jar:/Users/kietvandang/.m2/repository/org/junit/platform/junit-platform-engine/1.14.2/junit-platform-engine-1.14.2.jar:/Users/kietvandang/.m2/repository/org/junit/jupiter/junit-jupiter-params/5.14.2/junit-jupiter-params-5.14.2.jar:/Users/kietvandang/.m2/repository/org/junit-pioneer/junit-pioneer/1.9.1/junit-pioneer-1.9.1.jar:/Users/kietvandang/.m2/repository/org/junit/platform/junit-platform-launcher/1.14.2/junit-platform-launcher-1.14.2.jar:/Users/kietvandang/.m2/repository/commons-io/commons-io/2.21.0/commons-io-2.21.0.jar:/Users/kietvandang/.m2/repository/org/apache/commons/commons-text/1.15.0/commons-text-1.15.0.jar:/Users/kietvandang/.m2/repository/org/apache/commons/commons-lang3/3.20.0/commons-lang3-3.20.0.jar:/Users/kietvandang/.m2/repository/org/mockito/mockito-core/3.12.4/mockito-core-3.12.4.jar:/Users/kietvandang/.m2/repository/net/bytebuddy/byte-buddy/1.11.13/byte-buddy-1.11.13.jar:/Users/kietvandang/.m2/repository/net/bytebuddy/byte-buddy-agent/1.11.13/byte-buddy-agent-1.11.13.jar:/Users/kietvandang/.m2/repository/org/objenesis/objenesis/3.2/objenesis-3.2.jar:/Users/kietvandang/.m2/repository/org/evosuite/evosuite-standalone-runtime/1.0.6/evosuite-standalone-runtime-1.0.6.jar:/Users/kietvandang/.m2/repository/junit/junit/4.13.2/junit-4.13.2.jar:/Users/kietvandang/.m2/repository/org/hamcrest/hamcrest-core/1.3/hamcrest-core-1.3.jar:/Users/kietvandang/.m2/repository/org/evosuite/evosuite-master/1.0.6/evosuite-master-1.0.6.jar:/Users/kietvandang/.m2/repository/org/evosuite/evosuite-client/1.0.6/evosuite-client-1.0.6-tests.jar:/Users/kietvandang/.m2/repository/org/evosuite/evosuite-runtime/1.0.6/evosuite-runtime-1.0.6.jar:/Users/kietvandang/.m2/repository/javax/ejb/javax.ejb-api/3.2/javax.ejb-api-3.2.jar:/Users/kietvandang/.m2/repository/javax/transaction/javax.transaction-api/1.2/javax.transaction-api-1.2.jar:/Users/kietvandang/.m2/repository/javax/faces/javax.faces-api/2.2/javax.faces-api-2.2.jar:/Users/kietvandang/.m2/repository/javax/ws/rs/jsr311-api/1.1.1/jsr311-api-1.1.1.jar:/Users/kietvandang/.m2/repository/org/hsqldb/hsqldb/2.4.0/hsqldb-2.4.0.jar:/Users/kietvandang/.m2/repository/org/springframework/spring-orm/4.3.14.RELEASE/spring-orm-4.3.14.RELEASE.jar:/Users/kietvandang/.m2/repository/org/springframework/spring-beans/4.3.14.RELEASE/spring-beans-4.3.14.RELEASE.jar:/Users/kietvandang/.m2/repository/org/springframework/spring-core/4.3.14.RELEASE/spring-core-4.3.14.RELEASE.jar:/Users/kietvandang/.m2/repository/org/springframework/spring-jdbc/4.3.14.RELEASE/spring-jdbc-4.3.14.RELEASE.jar:/Users/kietvandang/.m2/repository/org/springframework/spring-tx/4.3.14.RELEASE/spring-tx-4.3.14.RELEASE.jar:/Users/kietvandang/.m2/repository/org/springframework/spring-context/4.3.14.RELEASE/spring-context-4.3.14.RELEASE.jar:/Users/kietvandang/.m2/repository/org/springframework/spring-aop/4.3.14.RELEASE/spring-aop-4.3.14.RELEASE.jar:/Users/kietvandang/.m2/repository/org/springframework/spring-expression/4.3.14.RELEASE/spring-expression-4.3.14.RELEASE.jar:/Users/kietvandang/.m2/repository/junit/junit/4.12/junit-4.12.jar:/Users/kietvandang/.m2/repository/org/hamcrest/hamcrest-core/1.3/hamcrest-core-1.3.jar:/Users/kietvandang/.m2/repository/org/mockito/mockito-core/2.16.0/mockito-core-2.16.0.jar:/Users/kietvandang/.m2/repository/net/bytebuddy/byte-buddy/1.7.9/byte-buddy-1.7.9.jar:/Users/kietvandang/.m2/repository/net/bytebuddy/byte-buddy-agent/1.7.9/byte-buddy-agent-1.7.9.jar:/Users/kietvandang/.m2/repository/org/objenesis/objenesis/2.6/objenesis-2.6.jar:/Users/kietvandang/.m2/repository/org/slf4j/slf4j-api/1.7.22/slf4j-api-1.7.22.jar:/Users/kietvandang/.m2/repository/org/ow2/asm/asm/6.0/asm-6.0.jar:/Users/kietvandang/.m2/repository/org/ow2/asm/asm-commons/6.0/asm-commons-6.0.jar:/Users/kietvandang/.m2/repository/org/ow2/asm/asm-tree/6.0/asm-tree-6.0.jar:/Users/kietvandang/.m2/repository/org/ow2/asm/asm-analysis/6.0/asm-analysis-6.0.jar:/Users/kietvandang/.m2/repository/org/ow2/asm/asm-util/6.0/asm-util-6.0.jar:/Users/kietvandang/.m2/repository/javax/xml/bind/jaxb-api/2.3.0/jaxb-api-2.3.0.jar:/Users/kietvandang/.m2/repository/com/opencsv/opencsv/4.1/opencsv-4.1.jar:/Users/kietvandang/.m2/repository/org/apache/commons/commons-text/1.1/commons-text-1.1.jar:/Users/kietvandang/.m2/repository/commons-beanutils/commons-beanutils/1.9.3/commons-beanutils-1.9.3.jar:/Users/kietvandang/.m2/repository/commons-logging/commons-logging/1.2/commons-logging-1.2.jar:/Users/kietvandang/.m2/repository/commons-collections/commons-collections/3.2.2/commons-collections-3.2.2.jar:/Users/kietvandang/.m2/repository/dk/brics/automaton/automaton/1.11-8/automaton-1.11-8.jar:/Users/kietvandang/.m2/repository/ch/qos/logback/logback-classic/1.1.3/logback-classic-1.1.3.jar:/Users/kietvandang/.m2/repository/ch/qos/logback/logback-core/1.1.3/logback-core-1.1.3.jar:/Users/kietvandang/.m2/repository/com/googlecode/gentyref/gentyref/1.2.0/gentyref-1.2.0.jar:/Users/kietvandang/.m2/repository/net/sf/jgrapht/jgrapht/0.8.3/jgrapht-0.8.3.jar:/Users/kietvandang/.m2/repository/com/thoughtworks/xstream/xstream/1.4.10/xstream-1.4.10.jar:/Users/kietvandang/.m2/repository/xmlpull/xmlpull/1.1.3.1/xmlpull-1.1.3.1.jar:/Users/kietvandang/.m2/repository/xpp3/xpp3_min/1.1.4c/xpp3_min-1.1.4c.jar:/Users/kietvandang/.m2/repository/org/apache/commons/commons-lang3/3.7/commons-lang3-3.7.jar:/Users/kietvandang/.m2/repository/commons-io/commons-io/2.6/commons-io-2.6.jar:/Users/kietvandang/.m2/repository/commons-cli/commons-cli/1.4/commons-cli-1.4.jar:/Users/kietvandang/.m2/repository/org/kohsuke/graphviz-api/1.1/graphviz-api-1.1.jar:/Users/kietvandang/.m2/repository/oro/oro/2.0.8/oro-2.0.8.jar:/Users/kietvandang/.m2/repository/org/apache/commons/commons-exec/1.3/commons-exec-1.3.jar:/Users/kietvandang/.m2/repository/org/jboss/spec/javax/servlet/jboss-servlet-api_3.1_spec/1.0.2.Final/jboss-servlet-api_3.1_spec-1.0.2.Final.jar:/Users/kietvandang/.m2/repository/javax/inject/javax.inject/1/javax.inject-1.jar:/Users/kietvandang/.m2/repository/javax/enterprise/cdi-api/1.2/cdi-api-1.2.jar:/Users/kietvandang/.m2/repository/javax/el/javax.el-api/3.0.0/javax.el-api-3.0.0.jar:/Users/kietvandang/.m2/repository/javax/interceptor/javax.interceptor-api/1.2/javax.interceptor-api-1.2.jar:/Users/kietvandang/.m2/repository/org/hibernate/hibernate-core/5.2.13.Final/hibernate-core-5.2.13.Final.jar:/Users/kietvandang/.m2/repository/org/jboss/logging/jboss-logging/3.3.1.Final/jboss-logging-3.3.1.Final.jar:/Users/kietvandang/.m2/repository/org/hibernate/javax/persistence/hibernate-jpa-2.1-api/1.0.0.Final/hibernate-jpa-2.1-api-1.0.0.Final.jar:/Users/kietvandang/.m2/repository/org/javassist/javassist/3.22.0-GA/javassist-3.22.0-GA.jar:/Users/kietvandang/.m2/repository/antlr/antlr/2.7.7/antlr-2.7.7.jar:/Users/kietvandang/.m2/repository/org/jboss/spec/javax/transaction/jboss-transaction-api_1.2_spec/1.0.1.Final/jboss-transaction-api_1.2_spec-1.0.1.Final.jar:/Users/kietvandang/.m2/repository/org/jboss/jandex/2.0.3.Final/jandex-2.0.3.Final.jar:/Users/kietvandang/.m2/repository/com/fasterxml/classmate/1.3.0/classmate-1.3.0.jar:/Users/kietvandang/.m2/repository/dom4j/dom4j/1.6.1/dom4j-1.6.1.jar:/Users/kietvandang/.m2/repository/org/hibernate/common/hibernate-commons-annotations/5.0.1.Final/hibernate-commons-annotations-5.0.1.Final.jar:/Users/kietvandang/.m2/repository/com/google/code/findbugs/jsr305/2.0.1/jsr305-2.0.1.jar:/Users/kietvandang/Projects/EECS4313/commons-cli/target/test-classes:/Users/kietvandang/Projects/EECS4313/commons-cli/target/classes:/Users/kietvandang/.m2/repository/org/junit/jupiter/junit-jupiter-api/5.14.2/junit-jupiter-api-5.14.2.jar:/Users/kietvandang/.m2/repository/org/opentest4j/opentest4j/1.3.0/opentest4j-1.3.0.jar:/Users/kietvandang/.m2/repository/org/junit/platform/junit-platform-commons/1.14.2/junit-platform-commons-1.14.2.jar:/Users/kietvandang/.m2/repository/org/apiguardian/apiguardian-api/1.1.2/apiguardian-api-1.1.2.jar:/Users/kietvandang/.m2/repository/org/junit/jupiter/junit-jupiter-engine/5.14.2/junit-jupiter-engine-5.14.2.jar:/Users/kietvandang/.m2/repository/org/junit/platform/junit-platform-engine/1.14.2/junit-platform-engine-1.14.2.jar:/Users/kietvandang/.m2/repository/org/junit/jupiter/junit-jupiter-params/5.14.2/junit-jupiter-params-5.14.2.jar:/Users/kietvandang/.m2/repository/org/junit-pioneer/junit-pioneer/1.9.1/junit-pioneer-1.9.1.jar:/Users/kietvandang/.m2/repository/org/junit/platform/junit-platform-launcher/1.14.2/junit-platform-launcher-1.14.2.jar:/Users/kietvandang/.m2/repository/commons-io/commons-io/2.21.0/commons-io-2.21.0.jar:/Users/kietvandang/.m2/repository/org/apache/commons/commons-text/1.15.0/commons-text-1.15.0.jar:/Users/kietvandang/.m2/repository/org/apache/commons/commons-lang3/3.20.0/commons-lang3-3.20.0.jar:/Users/kietvandang/.m2/repository/org/mockito/mockito-core/3.12.4/mockito-core-3.12.4.jar:/Users/kietvandang/.m2/repository/net/bytebuddy/byte-buddy/1.11.13/byte-buddy-1.11.13.jar:/Users/kietvandang/.m2/repository/net/bytebuddy/byte-buddy-agent/1.11.13/byte-buddy-agent-1.11.13.jar:/Users/kietvandang/.m2/repository/org/objenesis/objenesis/3.2/objenesis-3.2.jar:/Users/kietvandang/.m2/repository/org/evosuite/evosuite-standalone-runtime/1.0.6/evosuite-standalone-runtime-1.0.6.jar:/Users/kietvandang/.m2/repository/junit/junit/4.13.2/junit-4.13.2.jar:/Users/kietvandang/.m2/repository/org/hamcrest/hamcrest-core/1.3/hamcrest-core-1.3.jar
[MASTER] 17:03:37.093 [pool-2-thread-1] ERROR JUnitAnalyzer - Diagnostic: incompatible types: java.lang.Class<java.lang.Class> cannot be converted to java.lang.Class<org.apache.commons.cli.Option>: 41
[MASTER] 17:03:37.093 [pool-2-thread-1] ERROR JUnitAnalyzer - RegularFileObject[/var/folders/jx/mmlj34wd62vbjkzchbls8tgw0000gn/T/EvoSuite_51_1773522217032/org/apache/commons/cli/help/TextHelpAppendable_51_tmp__ESTest.java]
1: /*
2:  * This file was automatically generated by EvoSuite
3:  * Sat Mar 14 21:03:37 GMT 2026
4:  */
5: 
6: package org.apache.commons.cli.help;
7: 
8: import org.junit.Test;
9: import static org.junit.Assert.*;
10: import java.util.ServiceLoader;
11: import org.apache.commons.cli.Option;
12: import org.apache.commons.cli.example.WeirdOptionFormat;
13: import org.apache.commons.cli.help.TableDefinition;
14: import org.apache.commons.cli.help.TextHelpAppendable;
15: import org.apache.commons.cli.help.TextStyle;
16: import org.evosuite.runtime.EvoRunner;
17: import org.evosuite.runtime.EvoRunnerParameters;
18: import org.evosuite.runtime.testdata.EvoSuiteFile;
19: import org.evosuite.runtime.testdata.FileSystemHandling;
20: import org.junit.runner.RunWith;
21: 
22: @RunWith(EvoRunner.class) @EvoRunnerParameters(mockJVMNonDeterminism = true, useVFS = true, useVNET = true, resetStaticState = true, useJEE = true) 
23: public class TextHelpAppendable_51_tmp__ESTest extends TextHelpAppendable_51_tmp__ESTest_scaffolding {
24: 
25:   @Test(timeout = 4000)
26:   public void test0()  throws Throwable  {
27:       TextHelpAppendable textHelpAppendable0 = TextHelpAppendable.systemOut();
28:       byte[] byteArray0 = new byte[2];
29:       textHelpAppendable0.setLeftPad(11);
30:       byteArray0[0] = (byte)7;
31:       byteArray0[1] = (byte)117;
32:       FileSystemHandling.appendDataToFile((EvoSuiteFile) null, byteArray0);
33:       textHelpAppendable0.setMaxWidth(7547);
34:       textHelpAppendable0.getMaxWidth();
35:       TextStyle.Builder textStyle_Builder0 = textHelpAppendable0.getTextStyleBuilder();
36:       textHelpAppendable0.resize(textStyle_Builder0, 2.0);
37:       textHelpAppendable0.resize(textStyle_Builder0, 7547);
38:       textHelpAppendable0.resize(textStyle_Builder0, (-1286.99248));
39:       textHelpAppendable0.getMaxWidth();
40:       WeirdOptionFormat weirdOptionFormat0 = new WeirdOptionFormat();
41:       Class<Option> class0 = Class.class;
42:       ServiceLoader<Option> serviceLoader0 = ServiceLoader.loadInstalled((Class<Option>) class0);
43:       TableDefinition tableDefinition0 = weirdOptionFormat0.apply((Iterable<Option>) serviceLoader0);
44:       TableDefinition tableDefinition1 = textHelpAppendable0.adjustTableFormat(tableDefinition0);
45:       textHelpAppendable0.appendTable(tableDefinition1);
46:   }
47: }
RegularFileObject[/var/folders/jx/mmlj34wd62vbjkzchbls8tgw0000gn/T/EvoSuite_51_1773522217032/org/apache/commons/cli/help/TextHelpAppendable_51_tmp__ESTest.java]
1: /**
2:  * Scaffolding file used to store all the setups needed to run 
3:  * tests automatically generated by EvoSuite
4:  * Sat Mar 14 21:03:37 GMT 2026
5:  */
6: 
7: package org.apache.commons.cli.help;
8: 
9: import org.evosuite.runtime.annotation.EvoSuiteClassExclude;
10: import org.junit.BeforeClass;
11: import org.junit.Before;
12: import org.junit.After;
13: import org.junit.AfterClass;
14: import org.evosuite.runtime.sandbox.Sandbox;
15: import org.evosuite.runtime.sandbox.Sandbox.SandboxMode;
16: 
17: @EvoSuiteClassExclude
18: public class TextHelpAppendable_51_tmp__ESTest_scaffolding {
19: 
20:   @org.junit.Rule 
21:   public org.evosuite.runtime.vnet.NonFunctionalRequirementRule nfr = new org.evosuite.runtime.vnet.NonFunctionalRequirementRule();
22: 
23:   private static final java.util.Properties defaultProperties = (java.util.Properties) java.lang.System.getProperties().clone(); 
24: 
25:   private org.evosuite.runtime.thread.ThreadStopper threadStopper =  new org.evosuite.runtime.thread.ThreadStopper (org.evosuite.runtime.thread.KillSwitchHandler.getInstance(), 3000);
26: 
27: 
28:   @BeforeClass 
29:   public static void initEvoSuiteFramework() { 
30:     org.evosuite.runtime.RuntimeSettings.className = "org.apache.commons.cli.help.TextHelpAppendable"; 
31:     org.evosuite.runtime.GuiSupport.initialize(); 
32:     org.evosuite.runtime.RuntimeSettings.maxNumberOfThreads = 100; 
33:     org.evosuite.runtime.RuntimeSettings.maxNumberOfIterationsPerLoop = 10000; 
34:     org.evosuite.runtime.RuntimeSettings.mockSystemIn = true; 
35:     org.evosuite.runtime.RuntimeSettings.sandboxMode = org.evosuite.runtime.sandbox.Sandbox.SandboxMode.RECOMMENDED; 
36:     org.evosuite.runtime.sandbox.Sandbox.initializeSecurityManagerForSUT(); 
37:     org.evosuite.runtime.classhandling.JDKClassResetter.init();
38:     setSystemProperties();
39:     initializeClasses();
40:     org.evosuite.runtime.Runtime.getInstance().resetRuntime(); 
41:   } 
42: 
43:   @AfterClass 
44:   public static void clearEvoSuiteFramework(){ 
45:     Sandbox.resetDefaultSecurityManager(); 
46:     java.lang.System.setProperties((java.util.Properties) defaultProperties.clone()); 
47:   } 
48: 
49:   @Before 
50:   public void initTestCase(){ 
51:     threadStopper.storeCurrentThreads();
52:     threadStopper.startRecordingTime();
53:     org.evosuite.runtime.jvm.ShutdownHookHandler.getInstance().initHandler(); 
54:     org.evosuite.runtime.sandbox.Sandbox.goingToExecuteSUTCode(); 
55:     setSystemProperties(); 
56:     org.evosuite.runtime.GuiSupport.setHeadless(); 
57:     org.evosuite.runtime.Runtime.getInstance().resetRuntime(); 
58:     org.evosuite.runtime.agent.InstrumentingAgent.activate(); 
59:   } 
60: 
61:   @After 
62:   public void doneWithTestCase(){ 
63:     threadStopper.killAndJoinClientThreads();
64:     org.evosuite.runtime.jvm.ShutdownHookHandler.getInstance().safeExecuteAddedHooks(); 
65:     org.evosuite.runtime.classhandling.JDKClassResetter.reset(); 
66:     resetClasses(); 
67:     org.evosuite.runtime.sandbox.Sandbox.doneWithExecutingSUTCode(); 
68:     org.evosuite.runtime.agent.InstrumentingAgent.deactivate(); 
69:     org.evosuite.runtime.GuiSupport.restoreHeadlessMode(); 
70:   } 
71: 
72:   public static void setSystemProperties() {
73:  
74:     java.lang.System.setProperties((java.util.Properties) defaultProperties.clone()); 
75:     java.lang.System.setProperty("file.encoding", "UTF-8"); 
76:     java.lang.System.setProperty("java.awt.headless", "true"); 
77:     java.lang.System.setProperty("java.io.tmpdir", "/var/folders/jx/mmlj34wd62vbjkzchbls8tgw0000gn/T/"); 
78:     java.lang.System.setProperty("user.country", "CA"); 
79:     java.lang.System.setProperty("user.dir", "/Users/kietvandang/Projects/EECS4313/commons-cli"); 
80:     java.lang.System.setProperty("user.home", "/Users/kietvandang"); 
81:     java.lang.System.setProperty("user.language", "en"); 
82:     java.lang.System.setProperty("user.name", "kietvandang"); 
83:     java.lang.System.setProperty("user.timezone", "America/Toronto"); 
84:   }
85: 
86:   private static void initializeClasses() {
87:     org.evosuite.runtime.classhandling.ClassStateSupport.initializeClasses(TextHelpAppendable_51_tmp__ESTest_scaffolding.class.getClassLoader() ,
88:       "org.apache.commons.cli.example.WeirdOptionFormat",
89:       "org.apache.commons.cli.DeprecatedAttributes",
90:       "org.apache.commons.cli.help.Util",
91:       "org.apache.commons.cli.help.FilterHelpAppendable",
92:       "org.apache.commons.cli.Option$Builder",
93:       "org.apache.commons.cli.help.TextStyle$Builder",
94:       "org.apache.commons.lang3.StringUtils",
95:       "org.apache.commons.cli.help.TextStyle$Alignment",
96:       "org.apache.commons.cli.help.TextHelpAppendable",
97:       "org.apache.commons.cli.help.TableDefinition",
98:       "org.apache.commons.cli.Converter",
99:       "org.apache.commons.cli.help.TextStyle$1",
100:       "org.apache.commons.cli.Option$1",
101:       "org.apache.commons.cli.help.TextStyle",
102:       "org.apache.commons.text.similarity.LongestCommonSubsequence",
103:       "org.apache.commons.cli.help.TableDefinition$1",
104:       "org.apache.commons.text.similarity.SimilarityScore",
105:       "org.apache.commons.text.similarity.ObjectSimilarityScore",
106:       "org.apache.commons.cli.help.HelpAppendable",
107:       "org.apache.commons.cli.Option"
108:     );
109:   } 
110: 
111:   private static void resetClasses() {
112:     org.evosuite.runtime.classhandling.ClassResetter.getInstance().setClassLoader(TextHelpAppendable_51_tmp__ESTest_scaffolding.class.getClassLoader()); 
113: 
114:     org.evosuite.runtime.classhandling.ClassStateSupport.resetClasses(
115:       "org.apache.commons.cli.help.FilterHelpAppendable",
116:       "org.apache.commons.cli.help.TextHelpAppendable",
117:       "org.apache.commons.cli.help.TextStyle$Alignment",
118:       "org.apache.commons.cli.help.TextStyle$Builder",
119:       "org.apache.commons.cli.help.TextStyle",
120:       "org.apache.commons.cli.help.Util",
121:       "org.apache.commons.cli.help.TextStyle$1",
122:       "org.apache.commons.text.similarity.LongestCommonSubsequence",
123:       "org.apache.commons.cli.help.TableDefinition$1",
124:       "org.apache.commons.cli.example.WeirdOptionFormat",
125:       "org.apache.commons.cli.Option",
126:       "org.apache.commons.lang3.StringUtils",
127:       "org.apache.commons.text.similarity.HammingDistance"
128:     );
129:   }
130: }

[MASTER] 17:03:37.094 [pool-2-thread-1] ERROR JUnitAnalyzer - Failed to compile test case:
TextHelpAppendable textHelpAppendable0 = TextHelpAppendable.systemOut();
byte[] byteArray0 = new byte[2];
textHelpAppendable0.setLeftPad(11);
byteArray0[0] = (byte)7;
byteArray0[1] = (byte)117;
FileSystemHandling.appendDataToFile((EvoSuiteFile) null, byteArray0);
textHelpAppendable0.setMaxWidth(7547);
textHelpAppendable0.getMaxWidth();
TextStyle.Builder textStyle_Builder0 = textHelpAppendable0.getTextStyleBuilder();
textHelpAppendable0.resize(textStyle_Builder0, 2.0);
textHelpAppendable0.resize(textStyle_Builder0, 7547);
textHelpAppendable0.resize(textStyle_Builder0, (-1286.99248));
textHelpAppendable0.getMaxWidth();
WeirdOptionFormat weirdOptionFormat0 = new WeirdOptionFormat();
Class<Option> class0 = Class.class;
ServiceLoader<Option> serviceLoader0 = ServiceLoader.loadInstalled((Class<Option>) class0);
TableDefinition tableDefinition0 = weirdOptionFormat0.apply((Iterable<Option>) serviceLoader0);
TableDefinition tableDefinition1 = textHelpAppendable0.adjustTableFormat(tableDefinition0);
textHelpAppendable0.appendTable(tableDefinition1);

[MASTER] 17:03:37.460 [pool-2-thread-1] ERROR JUnitAnalyzer - Compilation failed on compilation units: [RegularFileObject[/var/folders/jx/mmlj34wd62vbjkzchbls8tgw0000gn/T/EvoSuite_55_1773522217295/org/apache/commons/cli/help/TextHelpAppendable_55_tmp__ESTest.java], RegularFileObject[/var/folders/jx/mmlj34wd62vbjkzchbls8tgw0000gn/T/EvoSuite_55_1773522217295/org/apache/commons/cli/help/TextHelpAppendable_55_tmp__ESTest_scaffolding.java]]
[MASTER] 17:03:37.460 [pool-2-thread-1] ERROR JUnitAnalyzer - Classpath: /Users/kietvandang/Projects/EECS4313/commons-cli/target/test-classes:/Users/kietvandang/Projects/EECS4313/commons-cli/target/classes:/Users/kietvandang/.m2/repository/org/junit/jupiter/junit-jupiter-api/5.14.2/junit-jupiter-api-5.14.2.jar:/Users/kietvandang/.m2/repository/org/opentest4j/opentest4j/1.3.0/opentest4j-1.3.0.jar:/Users/kietvandang/.m2/repository/org/junit/platform/junit-platform-commons/1.14.2/junit-platform-commons-1.14.2.jar:/Users/kietvandang/.m2/repository/org/apiguardian/apiguardian-api/1.1.2/apiguardian-api-1.1.2.jar:/Users/kietvandang/.m2/repository/org/junit/jupiter/junit-jupiter-engine/5.14.2/junit-jupiter-engine-5.14.2.jar:/Users/kietvandang/.m2/repository/org/junit/platform/junit-platform-engine/1.14.2/junit-platform-engine-1.14.2.jar:/Users/kietvandang/.m2/repository/org/junit/jupiter/junit-jupiter-params/5.14.2/junit-jupiter-params-5.14.2.jar:/Users/kietvandang/.m2/repository/org/junit-pioneer/junit-pioneer/1.9.1/junit-pioneer-1.9.1.jar:/Users/kietvandang/.m2/repository/org/junit/platform/junit-platform-launcher/1.14.2/junit-platform-launcher-1.14.2.jar:/Users/kietvandang/.m2/repository/commons-io/commons-io/2.21.0/commons-io-2.21.0.jar:/Users/kietvandang/.m2/repository/org/apache/commons/commons-text/1.15.0/commons-text-1.15.0.jar:/Users/kietvandang/.m2/repository/org/apache/commons/commons-lang3/3.20.0/commons-lang3-3.20.0.jar:/Users/kietvandang/.m2/repository/org/mockito/mockito-core/3.12.4/mockito-core-3.12.4.jar:/Users/kietvandang/.m2/repository/net/bytebuddy/byte-buddy/1.11.13/byte-buddy-1.11.13.jar:/Users/kietvandang/.m2/repository/net/bytebuddy/byte-buddy-agent/1.11.13/byte-buddy-agent-1.11.13.jar:/Users/kietvandang/.m2/repository/org/objenesis/objenesis/3.2/objenesis-3.2.jar:/Users/kietvandang/.m2/repository/org/evosuite/evosuite-standalone-runtime/1.0.6/evosuite-standalone-runtime-1.0.6.jar:/Users/kietvandang/.m2/repository/junit/junit/4.13.2/junit-4.13.2.jar:/Users/kietvandang/.m2/repository/org/hamcrest/hamcrest-core/1.3/hamcrest-core-1.3.jar:/Users/kietvandang/Projects/EECS4313/commons-cli/target/test-classes:/Users/kietvandang/Projects/EECS4313/commons-cli/target/classes:/Users/kietvandang/.m2/repository/org/junit/jupiter/junit-jupiter-api/5.14.2/junit-jupiter-api-5.14.2.jar:/Users/kietvandang/.m2/repository/org/opentest4j/opentest4j/1.3.0/opentest4j-1.3.0.jar:/Users/kietvandang/.m2/repository/org/junit/platform/junit-platform-commons/1.14.2/junit-platform-commons-1.14.2.jar:/Users/kietvandang/.m2/repository/org/apiguardian/apiguardian-api/1.1.2/apiguardian-api-1.1.2.jar:/Users/kietvandang/.m2/repository/org/junit/jupiter/junit-jupiter-engine/5.14.2/junit-jupiter-engine-5.14.2.jar:/Users/kietvandang/.m2/repository/org/junit/platform/junit-platform-engine/1.14.2/junit-platform-engine-1.14.2.jar:/Users/kietvandang/.m2/repository/org/junit/jupiter/junit-jupiter-params/5.14.2/junit-jupiter-params-5.14.2.jar:/Users/kietvandang/.m2/repository/org/junit-pioneer/junit-pioneer/1.9.1/junit-pioneer-1.9.1.jar:/Users/kietvandang/.m2/repository/org/junit/platform/junit-platform-launcher/1.14.2/junit-platform-launcher-1.14.2.jar:/Users/kietvandang/.m2/repository/commons-io/commons-io/2.21.0/commons-io-2.21.0.jar:/Users/kietvandang/.m2/repository/org/apache/commons/commons-text/1.15.0/commons-text-1.15.0.jar:/Users/kietvandang/.m2/repository/org/apache/commons/commons-lang3/3.20.0/commons-lang3-3.20.0.jar:/Users/kietvandang/.m2/repository/org/mockito/mockito-core/3.12.4/mockito-core-3.12.4.jar:/Users/kietvandang/.m2/repository/net/bytebuddy/byte-buddy/1.11.13/byte-buddy-1.11.13.jar:/Users/kietvandang/.m2/repository/net/bytebuddy/byte-buddy-agent/1.11.13/byte-buddy-agent-1.11.13.jar:/Users/kietvandang/.m2/repository/org/objenesis/objenesis/3.2/objenesis-3.2.jar:/Users/kietvandang/.m2/repository/org/evosuite/evosuite-standalone-runtime/1.0.6/evosuite-standalone-runtime-1.0.6.jar:/Users/kietvandang/.m2/repository/junit/junit/4.13.2/junit-4.13.2.jar:/Users/kietvandang/.m2/repository/org/hamcrest/hamcrest-core/1.3/hamcrest-core-1.3.jar:/Users/kietvandang/.m2/repository/org/evosuite/evosuite-master/1.0.6/evosuite-master-1.0.6.jar:/Users/kietvandang/.m2/repository/org/evosuite/evosuite-client/1.0.6/evosuite-client-1.0.6-tests.jar:/Users/kietvandang/.m2/repository/org/evosuite/evosuite-runtime/1.0.6/evosuite-runtime-1.0.6.jar:/Users/kietvandang/.m2/repository/javax/ejb/javax.ejb-api/3.2/javax.ejb-api-3.2.jar:/Users/kietvandang/.m2/repository/javax/transaction/javax.transaction-api/1.2/javax.transaction-api-1.2.jar:/Users/kietvandang/.m2/repository/javax/faces/javax.faces-api/2.2/javax.faces-api-2.2.jar:/Users/kietvandang/.m2/repository/javax/ws/rs/jsr311-api/1.1.1/jsr311-api-1.1.1.jar:/Users/kietvandang/.m2/repository/org/hsqldb/hsqldb/2.4.0/hsqldb-2.4.0.jar:/Users/kietvandang/.m2/repository/org/springframework/spring-orm/4.3.14.RELEASE/spring-orm-4.3.14.RELEASE.jar:/Users/kietvandang/.m2/repository/org/springframework/spring-beans/4.3.14.RELEASE/spring-beans-4.3.14.RELEASE.jar:/Users/kietvandang/.m2/repository/org/springframework/spring-core/4.3.14.RELEASE/spring-core-4.3.14.RELEASE.jar:/Users/kietvandang/.m2/repository/org/springframework/spring-jdbc/4.3.14.RELEASE/spring-jdbc-4.3.14.RELEASE.jar:/Users/kietvandang/.m2/repository/org/springframework/spring-tx/4.3.14.RELEASE/spring-tx-4.3.14.RELEASE.jar:/Users/kietvandang/.m2/repository/org/springframework/spring-context/4.3.14.RELEASE/spring-context-4.3.14.RELEASE.jar:/Users/kietvandang/.m2/repository/org/springframework/spring-aop/4.3.14.RELEASE/spring-aop-4.3.14.RELEASE.jar:/Users/kietvandang/.m2/repository/org/springframework/spring-expression/4.3.14.RELEASE/spring-expression-4.3.14.RELEASE.jar:/Users/kietvandang/.m2/repository/junit/junit/4.12/junit-4.12.jar:/Users/kietvandang/.m2/repository/org/hamcrest/hamcrest-core/1.3/hamcrest-core-1.3.jar:/Users/kietvandang/.m2/repository/org/mockito/mockito-core/2.16.0/mockito-core-2.16.0.jar:/Users/kietvandang/.m2/repository/net/bytebuddy/byte-buddy/1.7.9/byte-buddy-1.7.9.jar:/Users/kietvandang/.m2/repository/net/bytebuddy/byte-buddy-agent/1.7.9/byte-buddy-agent-1.7.9.jar:/Users/kietvandang/.m2/repository/org/objenesis/objenesis/2.6/objenesis-2.6.jar:/Users/kietvandang/.m2/repository/org/slf4j/slf4j-api/1.7.22/slf4j-api-1.7.22.jar:/Users/kietvandang/.m2/repository/org/ow2/asm/asm/6.0/asm-6.0.jar:/Users/kietvandang/.m2/repository/org/ow2/asm/asm-commons/6.0/asm-commons-6.0.jar:/Users/kietvandang/.m2/repository/org/ow2/asm/asm-tree/6.0/asm-tree-6.0.jar:/Users/kietvandang/.m2/repository/org/ow2/asm/asm-analysis/6.0/asm-analysis-6.0.jar:/Users/kietvandang/.m2/repository/org/ow2/asm/asm-util/6.0/asm-util-6.0.jar:/Users/kietvandang/.m2/repository/javax/xml/bind/jaxb-api/2.3.0/jaxb-api-2.3.0.jar:/Users/kietvandang/.m2/repository/com/opencsv/opencsv/4.1/opencsv-4.1.jar:/Users/kietvandang/.m2/repository/org/apache/commons/commons-text/1.1/commons-text-1.1.jar:/Users/kietvandang/.m2/repository/commons-beanutils/commons-beanutils/1.9.3/commons-beanutils-1.9.3.jar:/Users/kietvandang/.m2/repository/commons-logging/commons-logging/1.2/commons-logging-1.2.jar:/Users/kietvandang/.m2/repository/commons-collections/commons-collections/3.2.2/commons-collections-3.2.2.jar:/Users/kietvandang/.m2/repository/dk/brics/automaton/automaton/1.11-8/automaton-1.11-8.jar:/Users/kietvandang/.m2/repository/ch/qos/logback/logback-classic/1.1.3/logback-classic-1.1.3.jar:/Users/kietvandang/.m2/repository/ch/qos/logback/logback-core/1.1.3/logback-core-1.1.3.jar:/Users/kietvandang/.m2/repository/com/googlecode/gentyref/gentyref/1.2.0/gentyref-1.2.0.jar:/Users/kietvandang/.m2/repository/net/sf/jgrapht/jgrapht/0.8.3/jgrapht-0.8.3.jar:/Users/kietvandang/.m2/repository/com/thoughtworks/xstream/xstream/1.4.10/xstream-1.4.10.jar:/Users/kietvandang/.m2/repository/xmlpull/xmlpull/1.1.3.1/xmlpull-1.1.3.1.jar:/Users/kietvandang/.m2/repository/xpp3/xpp3_min/1.1.4c/xpp3_min-1.1.4c.jar:/Users/kietvandang/.m2/repository/org/apache/commons/commons-lang3/3.7/commons-lang3-3.7.jar:/Users/kietvandang/.m2/repository/commons-io/commons-io/2.6/commons-io-2.6.jar:/Users/kietvandang/.m2/repository/commons-cli/commons-cli/1.4/commons-cli-1.4.jar:/Users/kietvandang/.m2/repository/org/kohsuke/graphviz-api/1.1/graphviz-api-1.1.jar:/Users/kietvandang/.m2/repository/oro/oro/2.0.8/oro-2.0.8.jar:/Users/kietvandang/.m2/repository/org/apache/commons/commons-exec/1.3/commons-exec-1.3.jar:/Users/kietvandang/.m2/repository/org/jboss/spec/javax/servlet/jboss-servlet-api_3.1_spec/1.0.2.Final/jboss-servlet-api_3.1_spec-1.0.2.Final.jar:/Users/kietvandang/.m2/repository/javax/inject/javax.inject/1/javax.inject-1.jar:/Users/kietvandang/.m2/repository/javax/enterprise/cdi-api/1.2/cdi-api-1.2.jar:/Users/kietvandang/.m2/repository/javax/el/javax.el-api/3.0.0/javax.el-api-3.0.0.jar:/Users/kietvandang/.m2/repository/javax/interceptor/javax.interceptor-api/1.2/javax.interceptor-api-1.2.jar:/Users/kietvandang/.m2/repository/org/hibernate/hibernate-core/5.2.13.Final/hibernate-core-5.2.13.Final.jar:/Users/kietvandang/.m2/repository/org/jboss/logging/jboss-logging/3.3.1.Final/jboss-logging-3.3.1.Final.jar:/Users/kietvandang/.m2/repository/org/hibernate/javax/persistence/hibernate-jpa-2.1-api/1.0.0.Final/hibernate-jpa-2.1-api-1.0.0.Final.jar:/Users/kietvandang/.m2/repository/org/javassist/javassist/3.22.0-GA/javassist-3.22.0-GA.jar:/Users/kietvandang/.m2/repository/antlr/antlr/2.7.7/antlr-2.7.7.jar:/Users/kietvandang/.m2/repository/org/jboss/spec/javax/transaction/jboss-transaction-api_1.2_spec/1.0.1.Final/jboss-transaction-api_1.2_spec-1.0.1.Final.jar:/Users/kietvandang/.m2/repository/org/jboss/jandex/2.0.3.Final/jandex-2.0.3.Final.jar:/Users/kietvandang/.m2/repository/com/fasterxml/classmate/1.3.0/classmate-1.3.0.jar:/Users/kietvandang/.m2/repository/dom4j/dom4j/1.6.1/dom4j-1.6.1.jar:/Users/kietvandang/.m2/repository/org/hibernate/common/hibernate-commons-annotations/5.0.1.Final/hibernate-commons-annotations-5.0.1.Final.jar:/Users/kietvandang/.m2/repository/com/google/code/findbugs/jsr305/2.0.1/jsr305-2.0.1.jar:/Users/kietvandang/Projects/EECS4313/commons-cli/target/test-classes:/Users/kietvandang/Projects/EECS4313/commons-cli/target/classes:/Users/kietvandang/.m2/repository/org/junit/jupiter/junit-jupiter-api/5.14.2/junit-jupiter-api-5.14.2.jar:/Users/kietvandang/.m2/repository/org/opentest4j/opentest4j/1.3.0/opentest4j-1.3.0.jar:/Users/kietvandang/.m2/repository/org/junit/platform/junit-platform-commons/1.14.2/junit-platform-commons-1.14.2.jar:/Users/kietvandang/.m2/repository/org/apiguardian/apiguardian-api/1.1.2/apiguardian-api-1.1.2.jar:/Users/kietvandang/.m2/repository/org/junit/jupiter/junit-jupiter-engine/5.14.2/junit-jupiter-engine-5.14.2.jar:/Users/kietvandang/.m2/repository/org/junit/platform/junit-platform-engine/1.14.2/junit-platform-engine-1.14.2.jar:/Users/kietvandang/.m2/repository/org/junit/jupiter/junit-jupiter-params/5.14.2/junit-jupiter-params-5.14.2.jar:/Users/kietvandang/.m2/repository/org/junit-pioneer/junit-pioneer/1.9.1/junit-pioneer-1.9.1.jar:/Users/kietvandang/.m2/repository/org/junit/platform/junit-platform-launcher/1.14.2/junit-platform-launcher-1.14.2.jar:/Users/kietvandang/.m2/repository/commons-io/commons-io/2.21.0/commons-io-2.21.0.jar:/Users/kietvandang/.m2/repository/org/apache/commons/commons-text/1.15.0/commons-text-1.15.0.jar:/Users/kietvandang/.m2/repository/org/apache/commons/commons-lang3/3.20.0/commons-lang3-3.20.0.jar:/Users/kietvandang/.m2/repository/org/mockito/mockito-core/3.12.4/mockito-core-3.12.4.jar:/Users/kietvandang/.m2/repository/net/bytebuddy/byte-buddy/1.11.13/byte-buddy-1.11.13.jar:/Users/kietvandang/.m2/repository/net/bytebuddy/byte-buddy-agent/1.11.13/byte-buddy-agent-1.11.13.jar:/Users/kietvandang/.m2/repository/org/objenesis/objenesis/3.2/objenesis-3.2.jar:/Users/kietvandang/.m2/repository/org/evosuite/evosuite-standalone-runtime/1.0.6/evosuite-standalone-runtime-1.0.6.jar:/Users/kietvandang/.m2/repository/junit/junit/4.13.2/junit-4.13.2.jar:/Users/kietvandang/.m2/repository/org/hamcrest/hamcrest-core/1.3/hamcrest-core-1.3.jar
[MASTER] 17:03:37.460 [pool-2-thread-1] ERROR JUnitAnalyzer - evosuiteCP: /Users/kietvandang/Projects/EECS4313/commons-cli/target/test-classes:/Users/kietvandang/Projects/EECS4313/commons-cli/target/classes:/Users/kietvandang/.m2/repository/org/junit/jupiter/junit-jupiter-api/5.14.2/junit-jupiter-api-5.14.2.jar:/Users/kietvandang/.m2/repository/org/opentest4j/opentest4j/1.3.0/opentest4j-1.3.0.jar:/Users/kietvandang/.m2/repository/org/junit/platform/junit-platform-commons/1.14.2/junit-platform-commons-1.14.2.jar:/Users/kietvandang/.m2/repository/org/apiguardian/apiguardian-api/1.1.2/apiguardian-api-1.1.2.jar:/Users/kietvandang/.m2/repository/org/junit/jupiter/junit-jupiter-engine/5.14.2/junit-jupiter-engine-5.14.2.jar:/Users/kietvandang/.m2/repository/org/junit/platform/junit-platform-engine/1.14.2/junit-platform-engine-1.14.2.jar:/Users/kietvandang/.m2/repository/org/junit/jupiter/junit-jupiter-params/5.14.2/junit-jupiter-params-5.14.2.jar:/Users/kietvandang/.m2/repository/org/junit-pioneer/junit-pioneer/1.9.1/junit-pioneer-1.9.1.jar:/Users/kietvandang/.m2/repository/org/junit/platform/junit-platform-launcher/1.14.2/junit-platform-launcher-1.14.2.jar:/Users/kietvandang/.m2/repository/commons-io/commons-io/2.21.0/commons-io-2.21.0.jar:/Users/kietvandang/.m2/repository/org/apache/commons/commons-text/1.15.0/commons-text-1.15.0.jar:/Users/kietvandang/.m2/repository/org/apache/commons/commons-lang3/3.20.0/commons-lang3-3.20.0.jar:/Users/kietvandang/.m2/repository/org/mockito/mockito-core/3.12.4/mockito-core-3.12.4.jar:/Users/kietvandang/.m2/repository/net/bytebuddy/byte-buddy/1.11.13/byte-buddy-1.11.13.jar:/Users/kietvandang/.m2/repository/net/bytebuddy/byte-buddy-agent/1.11.13/byte-buddy-agent-1.11.13.jar:/Users/kietvandang/.m2/repository/org/objenesis/objenesis/3.2/objenesis-3.2.jar:/Users/kietvandang/.m2/repository/org/evosuite/evosuite-standalone-runtime/1.0.6/evosuite-standalone-runtime-1.0.6.jar:/Users/kietvandang/.m2/repository/junit/junit/4.13.2/junit-4.13.2.jar:/Users/kietvandang/.m2/repository/org/hamcrest/hamcrest-core/1.3/hamcrest-core-1.3.jar:/Users/kietvandang/.m2/repository/org/evosuite/evosuite-master/1.0.6/evosuite-master-1.0.6.jar:/Users/kietvandang/.m2/repository/org/evosuite/evosuite-client/1.0.6/evosuite-client-1.0.6-tests.jar:/Users/kietvandang/.m2/repository/org/evosuite/evosuite-runtime/1.0.6/evosuite-runtime-1.0.6.jar:/Users/kietvandang/.m2/repository/javax/ejb/javax.ejb-api/3.2/javax.ejb-api-3.2.jar:/Users/kietvandang/.m2/repository/javax/transaction/javax.transaction-api/1.2/javax.transaction-api-1.2.jar:/Users/kietvandang/.m2/repository/javax/faces/javax.faces-api/2.2/javax.faces-api-2.2.jar:/Users/kietvandang/.m2/repository/javax/ws/rs/jsr311-api/1.1.1/jsr311-api-1.1.1.jar:/Users/kietvandang/.m2/repository/org/hsqldb/hsqldb/2.4.0/hsqldb-2.4.0.jar:/Users/kietvandang/.m2/repository/org/springframework/spring-orm/4.3.14.RELEASE/spring-orm-4.3.14.RELEASE.jar:/Users/kietvandang/.m2/repository/org/springframework/spring-beans/4.3.14.RELEASE/spring-beans-4.3.14.RELEASE.jar:/Users/kietvandang/.m2/repository/org/springframework/spring-core/4.3.14.RELEASE/spring-core-4.3.14.RELEASE.jar:/Users/kietvandang/.m2/repository/org/springframework/spring-jdbc/4.3.14.RELEASE/spring-jdbc-4.3.14.RELEASE.jar:/Users/kietvandang/.m2/repository/org/springframework/spring-tx/4.3.14.RELEASE/spring-tx-4.3.14.RELEASE.jar:/Users/kietvandang/.m2/repository/org/springframework/spring-context/4.3.14.RELEASE/spring-context-4.3.14.RELEASE.jar:/Users/kietvandang/.m2/repository/org/springframework/spring-aop/4.3.14.RELEASE/spring-aop-4.3.14.RELEASE.jar:/Users/kietvandang/.m2/repository/org/springframework/spring-expression/4.3.14.RELEASE/spring-expression-4.3.14.RELEASE.jar:/Users/kietvandang/.m2/repository/junit/junit/4.12/junit-4.12.jar:/Users/kietvandang/.m2/repository/org/hamcrest/hamcrest-core/1.3/hamcrest-core-1.3.jar:/Users/kietvandang/.m2/repository/org/mockito/mockito-core/2.16.0/mockito-core-2.16.0.jar:/Users/kietvandang/.m2/repository/net/bytebuddy/byte-buddy/1.7.9/byte-buddy-1.7.9.jar:/Users/kietvandang/.m2/repository/net/bytebuddy/byte-buddy-agent/1.7.9/byte-buddy-agent-1.7.9.jar:/Users/kietvandang/.m2/repository/org/objenesis/objenesis/2.6/objenesis-2.6.jar:/Users/kietvandang/.m2/repository/org/slf4j/slf4j-api/1.7.22/slf4j-api-1.7.22.jar:/Users/kietvandang/.m2/repository/org/ow2/asm/asm/6.0/asm-6.0.jar:/Users/kietvandang/.m2/repository/org/ow2/asm/asm-commons/6.0/asm-commons-6.0.jar:/Users/kietvandang/.m2/repository/org/ow2/asm/asm-tree/6.0/asm-tree-6.0.jar:/Users/kietvandang/.m2/repository/org/ow2/asm/asm-analysis/6.0/asm-analysis-6.0.jar:/Users/kietvandang/.m2/repository/org/ow2/asm/asm-util/6.0/asm-util-6.0.jar:/Users/kietvandang/.m2/repository/javax/xml/bind/jaxb-api/2.3.0/jaxb-api-2.3.0.jar:/Users/kietvandang/.m2/repository/com/opencsv/opencsv/4.1/opencsv-4.1.jar:/Users/kietvandang/.m2/repository/org/apache/commons/commons-text/1.1/commons-text-1.1.jar:/Users/kietvandang/.m2/repository/commons-beanutils/commons-beanutils/1.9.3/commons-beanutils-1.9.3.jar:/Users/kietvandang/.m2/repository/commons-logging/commons-logging/1.2/commons-logging-1.2.jar:/Users/kietvandang/.m2/repository/commons-collections/commons-collections/3.2.2/commons-collections-3.2.2.jar:/Users/kietvandang/.m2/repository/dk/brics/automaton/automaton/1.11-8/automaton-1.11-8.jar:/Users/kietvandang/.m2/repository/ch/qos/logback/logback-classic/1.1.3/logback-classic-1.1.3.jar:/Users/kietvandang/.m2/repository/ch/qos/logback/logback-core/1.1.3/logback-core-1.1.3.jar:/Users/kietvandang/.m2/repository/com/googlecode/gentyref/gentyref/1.2.0/gentyref-1.2.0.jar:/Users/kietvandang/.m2/repository/net/sf/jgrapht/jgrapht/0.8.3/jgrapht-0.8.3.jar:/Users/kietvandang/.m2/repository/com/thoughtworks/xstream/xstream/1.4.10/xstream-1.4.10.jar:/Users/kietvandang/.m2/repository/xmlpull/xmlpull/1.1.3.1/xmlpull-1.1.3.1.jar:/Users/kietvandang/.m2/repository/xpp3/xpp3_min/1.1.4c/xpp3_min-1.1.4c.jar:/Users/kietvandang/.m2/repository/org/apache/commons/commons-lang3/3.7/commons-lang3-3.7.jar:/Users/kietvandang/.m2/repository/commons-io/commons-io/2.6/commons-io-2.6.jar:/Users/kietvandang/.m2/repository/commons-cli/commons-cli/1.4/commons-cli-1.4.jar:/Users/kietvandang/.m2/repository/org/kohsuke/graphviz-api/1.1/graphviz-api-1.1.jar:/Users/kietvandang/.m2/repository/oro/oro/2.0.8/oro-2.0.8.jar:/Users/kietvandang/.m2/repository/org/apache/commons/commons-exec/1.3/commons-exec-1.3.jar:/Users/kietvandang/.m2/repository/org/jboss/spec/javax/servlet/jboss-servlet-api_3.1_spec/1.0.2.Final/jboss-servlet-api_3.1_spec-1.0.2.Final.jar:/Users/kietvandang/.m2/repository/javax/inject/javax.inject/1/javax.inject-1.jar:/Users/kietvandang/.m2/repository/javax/enterprise/cdi-api/1.2/cdi-api-1.2.jar:/Users/kietvandang/.m2/repository/javax/el/javax.el-api/3.0.0/javax.el-api-3.0.0.jar:/Users/kietvandang/.m2/repository/javax/interceptor/javax.interceptor-api/1.2/javax.interceptor-api-1.2.jar:/Users/kietvandang/.m2/repository/org/hibernate/hibernate-core/5.2.13.Final/hibernate-core-5.2.13.Final.jar:/Users/kietvandang/.m2/repository/org/jboss/logging/jboss-logging/3.3.1.Final/jboss-logging-3.3.1.Final.jar:/Users/kietvandang/.m2/repository/org/hibernate/javax/persistence/hibernate-jpa-2.1-api/1.0.0.Final/hibernate-jpa-2.1-api-1.0.0.Final.jar:/Users/kietvandang/.m2/repository/org/javassist/javassist/3.22.0-GA/javassist-3.22.0-GA.jar:/Users/kietvandang/.m2/repository/antlr/antlr/2.7.7/antlr-2.7.7.jar:/Users/kietvandang/.m2/repository/org/jboss/spec/javax/transaction/jboss-transaction-api_1.2_spec/1.0.1.Final/jboss-transaction-api_1.2_spec-1.0.1.Final.jar:/Users/kietvandang/.m2/repository/org/jboss/jandex/2.0.3.Final/jandex-2.0.3.Final.jar:/Users/kietvandang/.m2/repository/com/fasterxml/classmate/1.3.0/classmate-1.3.0.jar:/Users/kietvandang/.m2/repository/dom4j/dom4j/1.6.1/dom4j-1.6.1.jar:/Users/kietvandang/.m2/repository/org/hibernate/common/hibernate-commons-annotations/5.0.1.Final/hibernate-commons-annotations-5.0.1.Final.jar:/Users/kietvandang/.m2/repository/com/google/code/findbugs/jsr305/2.0.1/jsr305-2.0.1.jar:/Users/kietvandang/Projects/EECS4313/commons-cli/target/test-classes:/Users/kietvandang/Projects/EECS4313/commons-cli/target/classes:/Users/kietvandang/.m2/repository/org/junit/jupiter/junit-jupiter-api/5.14.2/junit-jupiter-api-5.14.2.jar:/Users/kietvandang/.m2/repository/org/opentest4j/opentest4j/1.3.0/opentest4j-1.3.0.jar:/Users/kietvandang/.m2/repository/org/junit/platform/junit-platform-commons/1.14.2/junit-platform-commons-1.14.2.jar:/Users/kietvandang/.m2/repository/org/apiguardian/apiguardian-api/1.1.2/apiguardian-api-1.1.2.jar:/Users/kietvandang/.m2/repository/org/junit/jupiter/junit-jupiter-engine/5.14.2/junit-jupiter-engine-5.14.2.jar:/Users/kietvandang/.m2/repository/org/junit/platform/junit-platform-engine/1.14.2/junit-platform-engine-1.14.2.jar:/Users/kietvandang/.m2/repository/org/junit/jupiter/junit-jupiter-params/5.14.2/junit-jupiter-params-5.14.2.jar:/Users/kietvandang/.m2/repository/org/junit-pioneer/junit-pioneer/1.9.1/junit-pioneer-1.9.1.jar:/Users/kietvandang/.m2/repository/org/junit/platform/junit-platform-launcher/1.14.2/junit-platform-launcher-1.14.2.jar:/Users/kietvandang/.m2/repository/commons-io/commons-io/2.21.0/commons-io-2.21.0.jar:/Users/kietvandang/.m2/repository/org/apache/commons/commons-text/1.15.0/commons-text-1.15.0.jar:/Users/kietvandang/.m2/repository/org/apache/commons/commons-lang3/3.20.0/commons-lang3-3.20.0.jar:/Users/kietvandang/.m2/repository/org/mockito/mockito-core/3.12.4/mockito-core-3.12.4.jar:/Users/kietvandang/.m2/repository/net/bytebuddy/byte-buddy/1.11.13/byte-buddy-1.11.13.jar:/Users/kietvandang/.m2/repository/net/bytebuddy/byte-buddy-agent/1.11.13/byte-buddy-agent-1.11.13.jar:/Users/kietvandang/.m2/repository/org/objenesis/objenesis/3.2/objenesis-3.2.jar:/Users/kietvandang/.m2/repository/org/evosuite/evosuite-standalone-runtime/1.0.6/evosuite-standalone-runtime-1.0.6.jar:/Users/kietvandang/.m2/repository/junit/junit/4.13.2/junit-4.13.2.jar:/Users/kietvandang/.m2/repository/org/hamcrest/hamcrest-core/1.3/hamcrest-core-1.3.jar
[MASTER] 17:03:37.460 [pool-2-thread-1] ERROR JUnitAnalyzer - Diagnostic: incompatible types: java.lang.Class<java.lang.Class> cannot be converted to java.lang.Class<org.apache.commons.cli.Option>: 65
[MASTER] 17:03:37.461 [pool-2-thread-1] ERROR JUnitAnalyzer - Diagnostic: /var/folders/jx/mmlj34wd62vbjkzchbls8tgw0000gn/T/EvoSuite_55_1773522217295/org/apache/commons/cli/help/TextHelpAppendable_55_tmp__ESTest.java uses unchecked or unsafe operations.: -1
[MASTER] 17:03:37.461 [pool-2-thread-1] ERROR JUnitAnalyzer - Diagnostic: Recompile with -Xlint:unchecked for details.: -1
[MASTER] 17:03:37.462 [pool-2-thread-1] ERROR JUnitAnalyzer - RegularFileObject[/var/folders/jx/mmlj34wd62vbjkzchbls8tgw0000gn/T/EvoSuite_55_1773522217295/org/apache/commons/cli/help/TextHelpAppendable_55_tmp__ESTest.java]
1: /*
2:  * This file was automatically generated by EvoSuite
3:  * Sat Mar 14 21:03:37 GMT 2026
4:  */
5: 
6: package org.apache.commons.cli.help;
7: 
8: import org.junit.Test;
9: import static org.junit.Assert.*;
10: import static org.evosuite.shaded.org.mockito.Mockito.*;
11: import static org.evosuite.runtime.EvoAssertions.*;
12: import java.nio.CharBuffer;
13: import java.util.LinkedList;
14: import java.util.List;
15: import java.util.Queue;
16: import java.util.ServiceLoader;
17: import java.util.Stack;
18: import java.util.Vector;
19: import java.util.function.Consumer;
20: import org.apache.commons.cli.Option;
21: import org.apache.commons.cli.example.WeirdOptionFormat;
22: import org.apache.commons.cli.help.TableDefinition;
23: import org.apache.commons.cli.help.TextHelpAppendable;
24: import org.apache.commons.cli.help.TextStyle;
25: import org.apache.commons.text.similarity.LongestCommonSubsequence;
26: import org.evosuite.runtime.EvoRunner;
27: import org.evosuite.runtime.EvoRunnerParameters;
28: import org.evosuite.runtime.ViolatedAssumptionAnswer;
29: import org.junit.runner.RunWith;
30: 
31: @RunWith(EvoRunner.class) @EvoRunnerParameters(mockJVMNonDeterminism = true, useVFS = true, useVNET = true, resetStaticState = true, useJEE = true) 
32: public class TextHelpAppendable_55_tmp__ESTest extends TextHelpAppendable_55_tmp__ESTest_scaffolding {
33: 
34:   @Test(timeout = 4000)
35:   public void test0()  throws Throwable  {
36:       TextHelpAppendable textHelpAppendable0 = TextHelpAppendable.systemOut();
37:       LongestCommonSubsequence longestCommonSubsequence0 = new LongestCommonSubsequence();
38:       CharBuffer charBuffer0 = CharBuffer.allocate(3);
39:       longestCommonSubsequence0.apply((CharSequence) charBuffer0, (CharSequence) charBuffer0);
40:       longestCommonSubsequence0.longestCommonSubsequence(charBuffer0, charBuffer0);
41:       textHelpAppendable0.appendTitle("\u0000\u0000\u0000");
42:       Vector<Queue<String>> vector0 = new Vector<Queue<String>>();
43:       vector0.ensureCapacity(7);
44:       Stack<TextStyle> stack0 = new Stack<TextStyle>();
45:       textHelpAppendable0.append('F');
46:       TextStyle textStyle0 = TextStyle.DEFAULT;
47:       stack0.addElement(textStyle0);
48:       textStyle0.toString();
49:       Consumer<TextStyle> consumer0 = (Consumer<TextStyle>) mock(Consumer.class, new ViolatedAssumptionAnswer());
50:       stack0.forEach(consumer0);
51:       stack0.add(textStyle0);
52:       textHelpAppendable0.writeColumnQueues(vector0, stack0);
53:       TextStyle.Builder textStyle_Builder0 = TextStyle.builder();
54:       textStyle_Builder0.setIndent(74);
55:       textHelpAppendable0.resize(textStyle_Builder0, 0.0);
56:       LinkedList<CharSequence> linkedList0 = new LinkedList<CharSequence>();
57:       textHelpAppendable0.appendList(true, linkedList0);
58:       textHelpAppendable0.appendHeader(Integer.MAX_VALUE, "TextStyle{LEFT, l:0, i:0, true, min:0, max:unset}");
59:       textHelpAppendable0.setLeftPad(0);
60:       textHelpAppendable0.printWrapped("TextStyle{LEFT, l:0, i:0, true, min:0, max:unset}", textStyle0);
61:       textHelpAppendable0.getMaxWidth();
62:       TextHelpAppendable.indexOfWrap(charBuffer0, 1, 1);
63:       textHelpAppendable0.setIndent(1);
64:       WeirdOptionFormat weirdOptionFormat0 = new WeirdOptionFormat();
65:       Class<Option> class0 = Class.class;
66:       ServiceLoader<Option> serviceLoader0 = ServiceLoader.loadInstalled((Class<Option>) class0);
67:       TableDefinition tableDefinition0 = weirdOptionFormat0.apply((Iterable<Option>) serviceLoader0);
68:       List<String> list0 = tableDefinition0.headers();
69:       // Undeclared exception!
70:       try { 
71:         textHelpAppendable0.makeColumnQueues(list0, stack0);
72:         fail("Expecting exception: ArrayIndexOutOfBoundsException");
73:       
74:       } catch(ArrayIndexOutOfBoundsException e) {
75:          //
76:          // Array index out of range: 2
77:          //
78:          verifyException("java.util.Vector", e);
79:       }
80:   }
81: }
RegularFileObject[/var/folders/jx/mmlj34wd62vbjkzchbls8tgw0000gn/T/EvoSuite_55_1773522217295/org/apache/commons/cli/help/TextHelpAppendable_55_tmp__ESTest.java]
1: /**
2:  * Scaffolding file used to store all the setups needed to run 
3:  * tests automatically generated by EvoSuite
4:  * Sat Mar 14 21:03:37 GMT 2026
5:  */
6: 
7: package org.apache.commons.cli.help;
8: 
9: import org.evosuite.runtime.annotation.EvoSuiteClassExclude;
10: import org.junit.BeforeClass;
11: import org.junit.Before;
12: import org.junit.After;
13: import org.junit.AfterClass;
14: import org.evosuite.runtime.sandbox.Sandbox;
15: import org.evosuite.runtime.sandbox.Sandbox.SandboxMode;
16: 
17: import static org.evosuite.shaded.org.mockito.Mockito.*;
18: @EvoSuiteClassExclude
19: public class TextHelpAppendable_55_tmp__ESTest_scaffolding {
20: 
21:   @org.junit.Rule 
22:   public org.evosuite.runtime.vnet.NonFunctionalRequirementRule nfr = new org.evosuite.runtime.vnet.NonFunctionalRequirementRule();
23: 
24:   private static final java.util.Properties defaultProperties = (java.util.Properties) java.lang.System.getProperties().clone(); 
25: 
26:   private org.evosuite.runtime.thread.ThreadStopper threadStopper =  new org.evosuite.runtime.thread.ThreadStopper (org.evosuite.runtime.thread.KillSwitchHandler.getInstance(), 3000);
27: 
28: 
29:   @BeforeClass 
30:   public static void initEvoSuiteFramework() { 
31:     org.evosuite.runtime.RuntimeSettings.className = "org.apache.commons.cli.help.TextHelpAppendable"; 
32:     org.evosuite.runtime.GuiSupport.initialize(); 
33:     org.evosuite.runtime.RuntimeSettings.maxNumberOfThreads = 100; 
34:     org.evosuite.runtime.RuntimeSettings.maxNumberOfIterationsPerLoop = 10000; 
35:     org.evosuite.runtime.RuntimeSettings.mockSystemIn = true; 
36:     org.evosuite.runtime.RuntimeSettings.sandboxMode = org.evosuite.runtime.sandbox.Sandbox.SandboxMode.RECOMMENDED; 
37:     org.evosuite.runtime.sandbox.Sandbox.initializeSecurityManagerForSUT(); 
38:     org.evosuite.runtime.classhandling.JDKClassResetter.init();
39:     setSystemProperties();
40:     initializeClasses();
41:     org.evosuite.runtime.Runtime.getInstance().resetRuntime(); 
42:     try { initMocksToAvoidTimeoutsInTheTests(); } catch(ClassNotFoundException e) {} 
43:   } 
44: 
45:   @AfterClass 
46:   public static void clearEvoSuiteFramework(){ 
47:     Sandbox.resetDefaultSecurityManager(); 
48:     java.lang.System.setProperties((java.util.Properties) defaultProperties.clone()); 
49:   } 
50: 
51:   @Before 
52:   public void initTestCase(){ 
53:     threadStopper.storeCurrentThreads();
54:     threadStopper.startRecordingTime();
55:     org.evosuite.runtime.jvm.ShutdownHookHandler.getInstance().initHandler(); 
56:     org.evosuite.runtime.sandbox.Sandbox.goingToExecuteSUTCode(); 
57:     setSystemProperties(); 
58:     org.evosuite.runtime.GuiSupport.setHeadless(); 
59:     org.evosuite.runtime.Runtime.getInstance().resetRuntime(); 
60:     org.evosuite.runtime.agent.InstrumentingAgent.activate(); 
61:   } 
62: 
63:   @After 
64:   public void doneWithTestCase(){ 
65:     threadStopper.killAndJoinClientThreads();
66:     org.evosuite.runtime.jvm.ShutdownHookHandler.getInstance().safeExecuteAddedHooks(); 
67:     org.evosuite.runtime.classhandling.JDKClassResetter.reset(); 
68:     resetClasses(); 
69:     org.evosuite.runtime.sandbox.Sandbox.doneWithExecutingSUTCode(); 
70:     org.evosuite.runtime.agent.InstrumentingAgent.deactivate(); 
71:     org.evosuite.runtime.GuiSupport.restoreHeadlessMode(); 
72:   } 
73: 
74:   public static void setSystemProperties() {
75:  
76:     java.lang.System.setProperties((java.util.Properties) defaultProperties.clone()); 
77:     java.lang.System.setProperty("file.encoding", "UTF-8"); 
78:     java.lang.System.setProperty("java.awt.headless", "true"); 
79:     java.lang.System.setProperty("java.io.tmpdir", "/var/folders/jx/mmlj34wd62vbjkzchbls8tgw0000gn/T/"); 
80:     java.lang.System.setProperty("user.country", "CA"); 
81:     java.lang.System.setProperty("user.dir", "/Users/kietvandang/Projects/EECS4313/commons-cli"); 
82:     java.lang.System.setProperty("user.home", "/Users/kietvandang"); 
83:     java.lang.System.setProperty("user.language", "en"); 
84:     java.lang.System.setProperty("user.name", "kietvandang"); 
85:     java.lang.System.setProperty("user.timezone", "America/Toronto"); 
86:   }
87: 
88:   private static void initializeClasses() {
89:     org.evosuite.runtime.classhandling.ClassStateSupport.initializeClasses(TextHelpAppendable_55_tmp__ESTest_scaffolding.class.getClassLoader() ,
90:       "org.apache.commons.cli.example.WeirdOptionFormat",
91:       "org.apache.commons.cli.DeprecatedAttributes",
92:       "org.apache.commons.cli.help.Util",
93:       "org.apache.commons.cli.help.FilterHelpAppendable",
94:       "org.apache.commons.cli.Option$Builder",
95:       "org.apache.commons.cli.help.TextStyle$Builder",
96:       "org.apache.commons.lang3.StringUtils",
97:       "org.apache.commons.cli.help.TextStyle$Alignment",
98:       "org.apache.commons.cli.help.TextHelpAppendable",
99:       "org.apache.commons.cli.help.TableDefinition",
100:       "org.apache.commons.cli.Converter",
101:       "org.apache.commons.cli.help.TextStyle$1",
102:       "org.apache.commons.cli.Option$1",
103:       "org.apache.commons.cli.help.TextStyle",
104:       "org.apache.commons.text.similarity.LongestCommonSubsequence",
105:       "org.apache.commons.cli.help.TableDefinition$1",
106:       "org.apache.commons.text.similarity.SimilarityScore",
107:       "org.apache.commons.text.similarity.ObjectSimilarityScore",
108:       "org.apache.commons.cli.help.HelpAppendable",
109:       "org.apache.commons.cli.Option"
110:     );
111:   } 
112:   private static void initMocksToAvoidTimeoutsInTheTests() throws ClassNotFoundException { 
113:     mock(Class.forName("java.util.function.Consumer", false, TextHelpAppendable_55_tmp__ESTest_scaffolding.class.getClassLoader()));
114:   }
115: 
116:   private static void resetClasses() {
117:     org.evosuite.runtime.classhandling.ClassResetter.getInstance().setClassLoader(TextHelpAppendable_55_tmp__ESTest_scaffolding.class.getClassLoader()); 
118: 
119:     org.evosuite.runtime.classhandling.ClassStateSupport.resetClasses(
120:       "org.apache.commons.cli.help.FilterHelpAppendable",
121:       "org.apache.commons.cli.help.TextHelpAppendable",
122:       "org.apache.commons.cli.help.TextStyle$Alignment",
123:       "org.apache.commons.cli.help.TextStyle$Builder",
124:       "org.apache.commons.cli.help.TextStyle",
125:       "org.apache.commons.cli.help.Util",
126:       "org.apache.commons.cli.help.TextStyle$1",
127:       "org.apache.commons.text.similarity.LongestCommonSubsequence",
128:       "org.apache.commons.cli.help.TableDefinition$1",
129:       "org.apache.commons.cli.example.WeirdOptionFormat",
130:       "org.apache.commons.cli.Option",
131:       "org.apache.commons.lang3.StringUtils",
132:       "org.apache.commons.text.similarity.HammingDistance"
133:     );
134:   }
135: }

[MASTER] 17:03:37.463 [pool-2-thread-1] ERROR JUnitAnalyzer - Failed to compile test case:
TextHelpAppendable textHelpAppendable0 = TextHelpAppendable.systemOut();
LongestCommonSubsequence longestCommonSubsequence0 = new LongestCommonSubsequence();
CharBuffer charBuffer0 = CharBuffer.allocate(3);
longestCommonSubsequence0.apply((CharSequence) charBuffer0, (CharSequence) charBuffer0);
longestCommonSubsequence0.longestCommonSubsequence(charBuffer0, charBuffer0);
textHelpAppendable0.appendTitle("\u0000\u0000\u0000");
Vector<Queue<String>> vector0 = new Vector<Queue<String>>();
vector0.ensureCapacity(7);
Stack<TextStyle> stack0 = new Stack<TextStyle>();
textHelpAppendable0.append('F');
TextStyle textStyle0 = TextStyle.DEFAULT;
stack0.addElement(textStyle0);
textStyle0.toString();
Consumer<TextStyle> consumer0 = (Consumer<TextStyle>) mock(Consumer.class, new ViolatedAssumptionAnswer());
stack0.forEach(consumer0);
stack0.add(textStyle0);
textHelpAppendable0.writeColumnQueues(vector0, stack0);
TextStyle.Builder textStyle_Builder0 = TextStyle.builder();
textStyle_Builder0.setIndent(74);
textHelpAppendable0.resize(textStyle_Builder0, 0.0);
LinkedList<CharSequence> linkedList0 = new LinkedList<CharSequence>();
textHelpAppendable0.appendList(true, linkedList0);
textHelpAppendable0.appendHeader(Integer.MAX_VALUE, "TextStyle{LEFT, l:0, i:0, true, min:0, max:unset}");
textHelpAppendable0.setLeftPad(0);
textHelpAppendable0.printWrapped("TextStyle{LEFT, l:0, i:0, true, min:0, max:unset}", textStyle0);
textHelpAppendable0.getMaxWidth();
TextHelpAppendable.indexOfWrap(charBuffer0, 1, 1);
textHelpAppendable0.setIndent(1);
WeirdOptionFormat weirdOptionFormat0 = new WeirdOptionFormat();
Class<Option> class0 = Class.class;
ServiceLoader<Option> serviceLoader0 = ServiceLoader.loadInstalled((Class<Option>) class0);
TableDefinition tableDefinition0 = weirdOptionFormat0.apply((Iterable<Option>) serviceLoader0);
List<String> list0 = tableDefinition0.headers();
textHelpAppendable0.makeColumnQueues(list0, stack0);

