* Starting client
* Connecting to master process on port 8100
* Analyzing classpath: 
  - /Users/kietvandang/Projects/EECS4313/commons-cli/target/test-classes
  - /Users/kietvandang/Projects/EECS4313/commons-cli/target/classes
  - /Users/kietvandang/.m2/repository/org/junit/jupiter/junit-jupiter-api/5.14.2/junit-jupiter-api-5.14.2.jar
  - /Users/kietvandang/.m2/repository/org/opentest4j/opentest4j/1.3.0/opentest4j-1.3.0.jar
  - /Users/kietvandang/.m2/repository/org/junit/platform/junit-platform-commons/1.14.2/junit-platform-commons-1.14.2.jar
  - /Users/kietvandang/.m2/repository/org/apiguardian/apiguardian-api/1.1.2/apiguardian-api-1.1.2.jar
  - /Users/kietvandang/.m2/repository/org/junit/jupiter/junit-jupiter-engine/5.14.2/junit-jupiter-engine-5.14.2.jar
  - /Users/kietvandang/.m2/repository/org/junit/platform/junit-platform-engine/1.14.2/junit-platform-engine-1.14.2.jar
  - /Users/kietvandang/.m2/repository/org/junit/jupiter/junit-jupiter-params/5.14.2/junit-jupiter-params-5.14.2.jar
  - /Users/kietvandang/.m2/repository/org/junit-pioneer/junit-pioneer/1.9.1/junit-pioneer-1.9.1.jar
  - /Users/kietvandang/.m2/repository/org/junit/platform/junit-platform-launcher/1.14.2/junit-platform-launcher-1.14.2.jar
  - /Users/kietvandang/.m2/repository/commons-io/commons-io/2.21.0/commons-io-2.21.0.jar
  - /Users/kietvandang/.m2/repository/org/apache/commons/commons-text/1.15.0/commons-text-1.15.0.jar
  - /Users/kietvandang/.m2/repository/org/apache/commons/commons-lang3/3.20.0/commons-lang3-3.20.0.jar
  - /Users/kietvandang/.m2/repository/org/mockito/mockito-core/3.12.4/mockito-core-3.12.4.jar
  - /Users/kietvandang/.m2/repository/net/bytebuddy/byte-buddy/1.11.13/byte-buddy-1.11.13.jar
  - /Users/kietvandang/.m2/repository/net/bytebuddy/byte-buddy-agent/1.11.13/byte-buddy-agent-1.11.13.jar
  - /Users/kietvandang/.m2/repository/org/objenesis/objenesis/3.2/objenesis-3.2.jar
  - /Users/kietvandang/.m2/repository/junit/junit/4.13.2/junit-4.13.2.jar
  - /Users/kietvandang/.m2/repository/org/hamcrest/hamcrest-core/1.3/hamcrest-core-1.3.jar
* Finished analyzing classpath
* Generating tests for class org.apache.commons.cli.HelpFormatter
* Test criteria:
  - Line Coverage
  - Branch Coverage
  - Exception
  - Mutation testing (weak)
  - Method-Output Coverage
  - Top-Level Method Coverage
  - No-Exception Top-Level Method Coverage
  - Context Branch Coverage
* Setting up search algorithm for whole suite generation
* Loaded 107 tests from /Users/kietvandang/Projects/EECS4313/commons-cli/.evosuite/evosuite-seeds/org.apache.commons.cli.HelpFormatter.seed
* Total number of test goals: 
  - Line 260
  - Branch 181
  - Exception 0
  - MutationFactory 532
  - Output 55
  - Method 50
  - MethodNoException 50
  - CBranchFitnessFactory 181
* Using seed 1773521595869
* Starting evolution
* Search finished after 157s and 19 generations, 15543 statements, best individual has fitness: 206.74157874260814
* Writing sequences to pool
* Minimizing test suite
[MASTER] 16:56:47.474 [pool-2-thread-1] WARN  TestSuiteMinimizer - Minimization timeout. Roll back to original test suite
* Going to analyze the coverage criteria
* Coverage analysis for criterion LINE
* Coverage of criterion LINE: 94%
* Total number of goals: 260
* Number of covered goals: 245
* Coverage analysis for criterion BRANCH
* Coverage of criterion BRANCH: 83%
* Total number of goals: 181
* Number of covered goals: 151
* Coverage analysis for criterion EXCEPTION
* Coverage of criterion EXCEPTION: 100%
* Total number of goals: 50
* Number of covered goals: 50
* Coverage analysis for criterion WEAKMUTATION
* Coverage of criterion WEAKMUTATION: 89%
* Total number of goals: 532
* Number of covered goals: 475
* Coverage analysis for criterion OUTPUT
* Coverage of criterion OUTPUT: 76%
* Total number of goals: 55
* Number of covered goals: 42
* Coverage analysis for criterion METHOD
* Coverage of criterion METHOD: 98%
* Total number of goals: 50
* Number of covered goals: 49
* Coverage analysis for criterion METHODNOEXCEPTION
* Coverage of criterion METHODNOEXCEPTION: 98%
* Total number of goals: 50
* Number of covered goals: 49
* Coverage analysis for criterion CBRANCH
* Coverage of criterion CBRANCH: 80%
* Total number of goals: 181
* Number of covered goals: 144
* Generated 107 tests with total length 1707
* Resulting test suite's coverage: 90% (average coverage for all fitness functions)
* Generating assertions
[MASTER] 16:57:11.803 [pool-2-thread-1] WARN  SimpleMutationAssertionGenerator - Assertion minimization is taking too long (0.91652% of time used, but only 4/107 tests minimized), falling back to using all assertions
[MASTER] 16:57:14.864 [pool-2-thread-1] WARN  SimpleMutationAssertionGenerator - Reached maximum time to generate assertions, aborting assertion generation
* Resulting test suite's mutation score: 4%
* Compiling and checking tests
* Permissions denied during test execution: 
  - java.lang.RuntimePermission: 
         writeFileDescriptor: 4
* Writing JUnit test case 'HelpFormatter_ESTest' to /Users/kietvandang/Projects/EECS4313/commons-cli/.evosuite/tmp_2026_03_14_16_48_33/tests
* Done!

