* Starting client
* Connecting to master process on port 8041
* Analyzing classpath: 
  - /Users/kietvandang/Projects/EECS4313/commons-cli/target/test-classes
  - /Users/kietvandang/Projects/EECS4313/commons-cli/target/classes
  - /Users/kietvandang/.m2/repository/org/junit/jupiter/junit-jupiter-api/5.14.2/junit-jupiter-api-5.14.2.jar
  - /Users/kietvandang/.m2/repository/org/opentest4j/opentest4j/1.3.0/opentest4j-1.3.0.jar
  - /Users/kietvandang/.m2/repository/org/junit/platform/junit-platform-commons/1.14.2/junit-platform-commons-1.14.2.jar
  - /Users/kietvandang/.m2/repository/org/apiguardian/apiguardian-api/1.1.2/apiguardian-api-1.1.2.jar
  - /Users/kietvandang/.m2/repository/org/junit/jupiter/junit-jupiter-engine/5.14.2/junit-jupiter-engine-5.14.2.jar
  - /Users/kietvandang/.m2/repository/org/junit/platform/junit-platform-engine/1.14.2/junit-platform-engine-1.14.2.jar
  - /Users/kietvandang/.m2/repository/org/junit/jupiter/junit-jupiter-params/5.14.2/junit-jupiter-params-5.14.2.jar
  - /Users/kietvandang/.m2/repository/org/junit-pioneer/junit-pioneer/1.9.1/junit-pioneer-1.9.1.jar
  - /Users/kietvandang/.m2/repository/org/junit/platform/junit-platform-launcher/1.14.2/junit-platform-launcher-1.14.2.jar
  - /Users/kietvandang/.m2/repository/commons-io/commons-io/2.21.0/commons-io-2.21.0.jar
  - /Users/kietvandang/.m2/repository/org/apache/commons/commons-text/1.15.0/commons-text-1.15.0.jar
  - /Users/kietvandang/.m2/repository/org/apache/commons/commons-lang3/3.20.0/commons-lang3-3.20.0.jar
  - /Users/kietvandang/.m2/repository/org/mockito/mockito-core/3.12.4/mockito-core-3.12.4.jar
  - /Users/kietvandang/.m2/repository/net/bytebuddy/byte-buddy/1.11.13/byte-buddy-1.11.13.jar
  - /Users/kietvandang/.m2/repository/net/bytebuddy/byte-buddy-agent/1.11.13/byte-buddy-agent-1.11.13.jar
  - /Users/kietvandang/.m2/repository/org/objenesis/objenesis/3.2/objenesis-3.2.jar
  - /Users/kietvandang/.m2/repository/junit/junit/4.13.2/junit-4.13.2.jar
  - /Users/kietvandang/.m2/repository/org/hamcrest/hamcrest-core/1.3/hamcrest-core-1.3.jar
* Finished analyzing classpath
* Generating tests for class org.apache.commons.cli.Options
* Test criteria:
  - Line Coverage
  - Branch Coverage
  - Exception
  - Mutation testing (weak)
  - Method-Output Coverage
  - Top-Level Method Coverage
  - No-Exception Top-Level Method Coverage
  - Context Branch Coverage
* Setting up search algorithm for whole suite generation
* Loaded 41 tests from /Users/kietvandang/Projects/EECS4313/commons-cli/.evosuite/evosuite-seeds/org.apache.commons.cli.Options.seed
* Total number of test goals: 
  - Line 58
  - Branch 40
  - Exception 0
  - MutationFactory 80
  - Output 73
  - Method 19
  - MethodNoException 19
  - CBranchFitnessFactory 40
* Using seed 1773522742924
* Starting evolution
* Search finished after 57s and 1120 generations, 341620 statements, best individual has fitness: 28.09090909090909
* Writing sequences to pool
* Minimizing test suite
* Going to analyze the coverage criteria
* Coverage analysis for criterion LINE
* Coverage of criterion LINE: 100%
* Total number of goals: 58
* Number of covered goals: 58
* Coverage analysis for criterion BRANCH
* Coverage of criterion BRANCH: 100%
* Total number of goals: 40
* Number of covered goals: 40
* Coverage analysis for criterion EXCEPTION
* Coverage of criterion EXCEPTION: 100%
* Total number of goals: 10
* Number of covered goals: 10
* Coverage analysis for criterion WEAKMUTATION
* Coverage of criterion WEAKMUTATION: 92%
* Total number of goals: 80
* Number of covered goals: 74
* Coverage analysis for criterion OUTPUT
* Coverage of criterion OUTPUT: 66%
* Total number of goals: 73
* Number of covered goals: 48
* Coverage analysis for criterion METHOD
* Coverage of criterion METHOD: 100%
* Total number of goals: 19
* Number of covered goals: 19
* Coverage analysis for criterion METHODNOEXCEPTION
* Coverage of criterion METHODNOEXCEPTION: 100%
* Total number of goals: 19
* Number of covered goals: 19
* Coverage analysis for criterion CBRANCH
* Coverage of criterion CBRANCH: 100%
* Total number of goals: 40
* Number of covered goals: 40
* Generated 39 tests with total length 127
* Resulting test suite's coverage: 95% (average coverage for all fitness functions)
* Generating assertions
* Resulting test suite's mutation score: 56%
* Compiling and checking tests
* Writing JUnit test case 'Options_ESTest' to /Users/kietvandang/Projects/EECS4313/commons-cli/.evosuite/tmp_2026_03_14_16_48_33/tests
* Done!

